Using pre-set license
Built from 'trunk' branch; Version is '6000.0.9f1 (1490908003ac) revision 1347728'; Using compiler version '193933523'; Build Type 'Release'
OS: 'Windows 11  (10.0.22631) 64bit Core' Language: 'en' Physical Memory: 16310 MB
BatchMode: 1, IsHumanControllingUs: 0, StartBugReporterOnCrash: 0, Is64bit: 1, IsPro: 1

COMMAND LINE ARGUMENTS:
C:\Program Files\Unity\Hub\Editor\6000.0.9f1\Editor\Unity.exe
-adb2
-batchMode
-noUpm
-name
AssetImportWorker2
-projectPath
C:/Users/oguzh/OneDrive/Masaüstü/Dinoful
-logFile
Logs/AssetImportWorker2.log
-srvPort
54384
-job-worker-count
5
-background-job-worker-count
8
-asset-garbage-collectors
1
Successfully changed project path to: C:/Users/oguzh/OneDrive/Masaüstü/Dinoful
C:/Users/oguzh/OneDrive/Masaüstü/Dinoful
[UnityMemory] Configuration Parameters - Can be set up in boot.config
    "memorysetup-bucket-allocator-granularity=16"
    "memorysetup-bucket-allocator-bucket-count=8"
    "memorysetup-bucket-allocator-block-size=33554432"
    "memorysetup-bucket-allocator-block-count=8"
    "memorysetup-main-allocator-block-size=16777216"
    "memorysetup-thread-allocator-block-size=16777216"
    "memorysetup-gfx-main-allocator-block-size=16777216"
    "memorysetup-gfx-thread-allocator-block-size=16777216"
    "memorysetup-cache-allocator-block-size=4194304"
    "memorysetup-typetree-allocator-block-size=2097152"
    "memorysetup-profiler-bucket-allocator-granularity=16"
    "memorysetup-profiler-bucket-allocator-bucket-count=8"
    "memorysetup-profiler-bucket-allocator-block-size=33554432"
    "memorysetup-profiler-bucket-allocator-block-count=8"
    "memorysetup-profiler-allocator-block-size=16777216"
    "memorysetup-profiler-editor-allocator-block-size=1048576"
    "memorysetup-temp-allocator-size-main=16777216"
    "memorysetup-job-temp-allocator-block-size=2097152"
    "memorysetup-job-temp-allocator-block-size-background=1048576"
    "memorysetup-job-temp-allocator-reduction-small-platforms=262144"
    "memorysetup-allocator-temp-initial-block-size-main=262144"
    "memorysetup-allocator-temp-initial-block-size-worker=262144"
    "memorysetup-temp-allocator-size-background-worker=32768"
    "memorysetup-temp-allocator-size-job-worker=262144"
    "memorysetup-temp-allocator-size-preload-manager=33554432"
    "memorysetup-temp-allocator-size-nav-mesh-worker=65536"
    "memorysetup-temp-allocator-size-audio-worker=65536"
    "memorysetup-temp-allocator-size-cloud-worker=32768"
    "memorysetup-temp-allocator-size-gi-baking-worker=262144"
    "memorysetup-temp-allocator-size-gi-baking-worker=262144"
    "memorysetup-temp-allocator-size-gi-baking-worker=262144"
    "memorysetup-temp-allocator-size-gi-baking-worker=262144"
    "memorysetup-temp-allocator-size-gi-baking-worker=262144"
    "memorysetup-temp-allocator-size-gfx=262144"
Player connection [14140]  Target information:

Player connection [14140]  * "[IP] 192.168.1.61 [Port] 0 [Flags] 2 [Guid] 2479282784 [EditorId] 2479282784 [Version] 1048832 [Id] WindowsEditor(7,DESKTOP-O14C83C) [Debug] 1 [PackageName] WindowsEditor [ProjectName] Editor" 

Player connection [14140]  * "[IP] 169.254.59.32 [Port] 0 [Flags] 2 [Guid] 2479282784 [EditorId] 2479282784 [Version] 1048832 [Id] WindowsEditor(7,DESKTOP-O14C83C) [Debug] 1 [PackageName] WindowsEditor [ProjectName] Editor" 

Player connection [14140]  * "[IP] 192.168.1.20 [Port] 0 [Flags] 2 [Guid] 2479282784 [EditorId] 2479282784 [Version] 1048832 [Id] WindowsEditor(7,DESKTOP-O14C83C) [Debug] 1 [PackageName] WindowsEditor [ProjectName] Editor" 

Player connection [14140] Host joined multi-casting on [225.0.0.222:54997]...
Player connection [14140] Host joined alternative multi-casting on [225.0.0.222:34997]...
JobSystem: Creating JobQueue using job-worker-count value 5
Library Redirect Path: Library/
[PhysX] Initialized MultithreadedTaskDispatcher with 6 workers.
Refreshing native plugins compatible for Editor in 6.20 ms, found 4 plugins.
Preloading 0 native plugins for Editor in 0.00 ms.
Initialize engine version: 6000.0.9f1 (1490908003ac)
[Subsystems] Discovering subsystems at path C:/Program Files/Unity/Hub/Editor/6000.0.9f1/Editor/Data/Resources/UnitySubsystems
[Subsystems] Discovering subsystems at path C:/Users/oguzh/OneDrive/Masaüstü/Dinoful/Assets
GfxDevice: creating device client; kGfxThreadingModeNonThreaded
Direct3D:
    Version:  Direct3D 11.0 [level 11.1]
    Renderer: NVIDIA GeForce RTX 3060 Ti (ID=0x2486)
    Vendor:   NVIDIA
    VRAM:     8024 MB
    Driver:   32.0.15.6070
Initialize mono
Mono path[0] = 'C:/Program Files/Unity/Hub/Editor/6000.0.9f1/Editor/Data/Managed'
Mono path[1] = 'C:/Program Files/Unity/Hub/Editor/6000.0.9f1/Editor/Data/MonoBleedingEdge/lib/mono/unityjit-win32'
Mono config path = 'C:/Program Files/Unity/Hub/Editor/6000.0.9f1/Editor/Data/MonoBleedingEdge/etc'
Using monoOptions --debugger-agent=transport=dt_socket,embedding=1,server=y,suspend=n,address=127.0.0.1:56656
Begin MonoManager ReloadAssembly
Registering precompiled unity dll's ...
Register platform support module: C:/Program Files/Unity/Hub/Editor/6000.0.9f1/Editor/Data/PlaybackEngines/WindowsStandaloneSupport/UnityEditor.WindowsStandalone.Extensions.dll
Register platform support module: C:/Program Files/Unity/Hub/Editor/6000.0.9f1/Editor/Data/PlaybackEngines/AndroidPlayer/UnityEditor.Android.Extensions.dll
Registered in 0.003932 seconds.
- Loaded All Assemblies, in  0.393 seconds
Native extension for Android target not found
Unauthorized device detected, Id: RFCT70BGJYB, please add debug authorization and reconnect.
0x00007ffe132a5e6d (Unity) StackWalker::ShowCallstack
0x00007ffe132b5dc9 (Unity) PlatformStacktrace::GetStacktrace
0x00007ffe1451823e (Unity) Stacktrace::GetStacktrace
0x00007ffe14abf7ff (Unity) DebugStringToFile
0x00007ffe12366b35 (Unity) DebugLogHandler_CUSTOM_Internal_Log
0x000002340d10a7ed (Mono JIT Code) (wrapper managed-to-native) UnityEngine.DebugLogHandler:Internal_Log_Injected (UnityEngine.LogType,UnityEngine.LogOption,UnityEngine.Bindings.ManagedSpanWrapper&,intptr)
0x000002340d10a6b3 (Mono JIT Code) UnityEngine.DebugLogHandler:Internal_Log (UnityEngine.LogType,UnityEngine.LogOption,string,UnityEngine.Object)
0x000002340d108a3b (Mono JIT Code) UnityEngine.DebugLogHandler:LogFormat (UnityEngine.LogType,UnityEngine.Object,string,object[])
0x000002340d108901 (Mono JIT Code) UnityEngine.Logger:LogFormat (UnityEngine.LogType,string,object[])
0x000002340d108633 (Mono JIT Code) UnityEngine.Debug:LogFormat (string,object[])
0x000002340cec1c03 (Mono JIT Code) UnityEditor.Android.AndroidDeploymentTargetsExtension:GetKnownTargets (UnityEditor.DeploymentTargets.IDeploymentTargetsMainThreadContext,UnityEditor.ProgressHandler)
0x000002340cec011c (Mono JIT Code) UnityEditor.Android.TargetScanWorker:ScanSync ()
0x000002340cea9043 (Mono JIT Code) UnityEditor.Android.TargetExtension:OnUsbDevicesChanged (UnityEditor.Hardware.UsbDevice[])
0x000002340cd7f923 (Mono JIT Code) UnityEditor.Android.TargetExtension:OnLoad ()
0x000002340b7d2e6d (Mono JIT Code) UnityEditor.Modules.ModuleManager:InitializePlatformSupportModules ()
0x000002340a7a0085 (Mono JIT Code) (wrapper runtime-invoke) object:runtime_invoke_void (object,intptr,intptr,intptr)
0x00007ffdff98694e (mono-2.0-bdwgc) mono_jit_runtime_invoke (at C:/build/output/Unity-Technologies/mono/mono/mini/mini-runtime.c:3445)
0x00007ffdff8c8444 (mono-2.0-bdwgc) do_runtime_invoke (at C:/build/output/Unity-Technologies/mono/mono/metadata/object.c:3068)
0x00007ffdff8c8530 (mono-2.0-bdwgc) mono_runtime_invoke (at C:/build/output/Unity-Technologies/mono/mono/metadata/object.c:3115)
0x00007ffe131cab94 (Unity) scripting_method_invoke
0x00007ffe131a2d53 (Unity) ScriptingInvocation::Invoke
0x00007ffe1319ded5 (Unity) ScriptingInvocation::Invoke<void>
0x00007ffe1331011b (Unity) Scripting::UnityEditor::Modules::ModuleManagerProxy::InitializePlatformSupportModules
0x00007ffe13199345 (Unity) MonoManager::SetupLoadedEditorAssemblies
0x00007ffe13190cba (Unity) MonoManager::FinalizeReload
0x00007ffe13196d33 (Unity) MonoManager::ReloadAssembly
0x00007ffe143bfa56 (Unity) LoadUnityMonoAssemblies
0x00007ffe13f14fed (Unity) Application::InitializeProject
0x00007ffe14522615 (Unity) UnityMain
0x00007ff603072fba (Unity) __scrt_common_main_seh
0x00007ffec5d8257d (KERNEL32) BaseThreadInitThunk
0x00007ffec786af28 (ntdll) RtlUserThreadStart

Unauthorized device detected, Id: RFCT70BGJYB, please add debug authorization and reconnect.
0x00007ffe132a5e6d (Unity) StackWalker::ShowCallstack
0x00007ffe132b5dc9 (Unity) PlatformStacktrace::GetStacktrace
0x00007ffe1451823e (Unity) Stacktrace::GetStacktrace
0x00007ffe14abf7ff (Unity) DebugStringToFile
0x00007ffe12366b35 (Unity) DebugLogHandler_CUSTOM_Internal_Log
0x000002340d10a7ed (Mono JIT Code) (wrapper managed-to-native) UnityEngine.DebugLogHandler:Internal_Log_Injected (UnityEngine.LogType,UnityEngine.LogOption,UnityEngine.Bindings.ManagedSpanWrapper&,intptr)
0x000002340d10a6b3 (Mono JIT Code) UnityEngine.DebugLogHandler:Internal_Log (UnityEngine.LogType,UnityEngine.LogOption,string,UnityEngine.Object)
0x000002340d108a3b (Mono JIT Code) UnityEngine.DebugLogHandler:LogFormat (UnityEngine.LogType,UnityEngine.Object,string,object[])
0x000002340d108901 (Mono JIT Code) UnityEngine.Logger:LogFormat (UnityEngine.LogType,string,object[])
0x000002340d108633 (Mono JIT Code) UnityEngine.Debug:LogFormat (string,object[])
0x000002340cec1c03 (Mono JIT Code) UnityEditor.Android.AndroidDeploymentTargetsExtension:GetKnownTargets (UnityEditor.DeploymentTargets.IDeploymentTargetsMainThreadContext,UnityEditor.ProgressHandler)
0x000002340cec011c (Mono JIT Code) UnityEditor.Android.TargetScanWorker:ScanSync ()
0x000002340cea9043 (Mono JIT Code) UnityEditor.Android.TargetExtension:OnUsbDevicesChanged (UnityEditor.Hardware.UsbDevice[])
0x000002340cd7f923 (Mono JIT Code) UnityEditor.Android.TargetExtension:OnLoad ()
0x000002340b7d2e6d (Mono JIT Code) UnityEditor.Modules.ModuleManager:InitializePlatformSupportModules ()
0x000002340a7a0085 (Mono JIT Code) (wrapper runtime-invoke) object:runtime_invoke_void (object,intptr,intptr,intptr)
0x00007ffdff98694e (mono-2.0-bdwgc) mono_jit_runtime_invoke (at C:/build/output/Unity-Technologies/mono/mono/mini/mini-runtime.c:3445)
0x00007ffdff8c8444 (mono-2.0-bdwgc) do_runtime_invoke (at C:/build/output/Unity-Technologies/mono/mono/metadata/object.c:3068)
0x00007ffdff8c8530 (mono-2.0-bdwgc) mono_runtime_invoke (at C:/build/output/Unity-Technologies/mono/mono/metadata/object.c:3115)
0x00007ffe131cab94 (Unity) scripting_method_invoke
0x00007ffe131a2d53 (Unity) ScriptingInvocation::Invoke
0x00007ffe1319ded5 (Unity) ScriptingInvocation::Invoke<void>
0x00007ffe1331011b (Unity) Scripting::UnityEditor::Modules::ModuleManagerProxy::InitializePlatformSupportModules
0x00007ffe13199345 (Unity) MonoManager::SetupLoadedEditorAssemblies
0x00007ffe13190cba (Unity) MonoManager::FinalizeReload
0x00007ffe13196d33 (Unity) MonoManager::ReloadAssembly
0x00007ffe143bfa56 (Unity) LoadUnityMonoAssemblies
0x00007ffe13f14fed (Unity) Application::InitializeProject
0x00007ffe14522615 (Unity) UnityMain
0x00007ff603072fba (Unity) __scrt_common_main_seh
0x00007ffec5d8257d (KERNEL32) BaseThreadInitThunk
0x00007ffec786af28 (ntdll) RtlUserThreadStart

Android Extension - Scanning For ADB Devices 523 ms
Native extension for WindowsStandalone target not found
Mono: successfully reloaded assembly
- Finished resetting the current domain, in  1.043 seconds
Domain Reload Profiling: 1434ms
	BeginReloadAssembly (132ms)
		ExecutionOrderSort (0ms)
		DisableScriptedObjects (0ms)
		BackupInstance (0ms)
		ReleaseScriptingObjects (0ms)
		CreateAndSetChildDomain (1ms)
	RebuildCommonClasses (39ms)
	RebuildNativeTypeToScriptingClass (14ms)
	initialDomainReloadingComplete (49ms)
	LoadAllAssembliesAndSetupDomain (156ms)
		LoadAssemblies (129ms)
		RebuildTransferFunctionScriptingTraits (0ms)
		AnalyzeDomain (153ms)
			TypeCache.Refresh (152ms)
				TypeCache.ScanAssembly (140ms)
			BuildScriptInfoCaches (0ms)
			ResolveRequiredComponents (0ms)
	FinalizeReload (1044ms)
		ReleaseScriptCaches (0ms)
		RebuildScriptCaches (0ms)
		SetupLoadedEditorAssemblies (997ms)
			LogAssemblyErrors (0ms)
			InitializePlatformSupportModulesInManaged (643ms)
			SetLoadedEditorAssemblies (4ms)
			BeforeProcessingInitializeOnLoad (5ms)
			ProcessInitializeOnLoadAttributes (126ms)
			ProcessInitializeOnLoadMethodAttributes (219ms)
			AfterProcessingInitializeOnLoad (0ms)
			EditorAssembliesLoaded (0ms)
		ExecutionOrderSort2 (0ms)
		AwakeInstancesAfterBackupRestoration (0ms)
========================================================================
Worker process is ready to serve import requests
Import Worker Mode flag is 0x00
Begin MonoManager ReloadAssembly
- Loaded All Assemblies, in  1.009 seconds
Refreshing native plugins compatible for Editor in 3.87 ms, found 4 plugins.
Native extension for Android target not found
Native extension for WindowsStandalone target not found
Mono: successfully reloaded assembly
Package Manager log level set to [2]
[Package Manager] Failed to launch server process. Reason: Unity was launched with the -noUpm command-line argument
[Package Manager] Unable to send message (not connected to server process).
[Package Manager] Cannot connect to Unity Package Manager local server
[Package Manager] Failed to launch server process. Reason: Unity was launched with the -noUpm command-line argument
[Package Manager] Unable to send message (not connected to server process).
[Package Manager] Cannot connect to Unity Package Manager local server
- Finished resetting the current domain, in  0.932 seconds
Domain Reload Profiling: 1932ms
	BeginReloadAssembly (391ms)
		ExecutionOrderSort (0ms)
		DisableScriptedObjects (7ms)
		BackupInstance (0ms)
		ReleaseScriptingObjects (0ms)
		CreateAndSetChildDomain (28ms)
	RebuildCommonClasses (39ms)
	RebuildNativeTypeToScriptingClass (14ms)
	initialDomainReloadingComplete (40ms)
	LoadAllAssembliesAndSetupDomain (516ms)
		LoadAssemblies (371ms)
		RebuildTransferFunctionScriptingTraits (0ms)
		AnalyzeDomain (245ms)
			TypeCache.Refresh (178ms)
				TypeCache.ScanAssembly (159ms)
			BuildScriptInfoCaches (60ms)
			ResolveRequiredComponents (5ms)
	FinalizeReload (933ms)
		ReleaseScriptCaches (0ms)
		RebuildScriptCaches (0ms)
		SetupLoadedEditorAssemblies (717ms)
			LogAssemblyErrors (0ms)
			InitializePlatformSupportModulesInManaged (18ms)
			SetLoadedEditorAssemblies (3ms)
			BeforeProcessingInitializeOnLoad (68ms)
			ProcessInitializeOnLoadAttributes (374ms)
			ProcessInitializeOnLoadMethodAttributes (249ms)
			AfterProcessingInitializeOnLoad (5ms)
			EditorAssembliesLoaded (0ms)
		ExecutionOrderSort2 (0ms)
		AwakeInstancesAfterBackupRestoration (7ms)
Launched and connected shader compiler UnityShaderCompiler.exe after 0.01 seconds
Refreshing native plugins compatible for Editor in 3.71 ms, found 4 plugins.
Preloading 0 native plugins for Editor in 0.00 ms.
Unloading 15 Unused Serialized files (Serialized files now loaded: 0)
Unloading 4968 unused Assets / (1.6 MB). Loaded Objects now: 5547.
Memory consumption went from 119.9 MB to 118.3 MB.
Total: 7.364700 ms (FindLiveObjects: 0.637200 ms CreateObjectMapping: 0.242700 ms MarkObjects: 5.122000 ms  DeleteObjects: 1.361600 ms)

========================================================================
Received Import Request.
  Time since last request: 9283.330946 seconds.
  path: Assets/Graphics/Free/Terrain
  artifactKey: Guid(0fc5c173f80da884ba8c3d0acd095191) Importer(815301076,1909f56bfc062723c751e8b465ee728b)
Start importing Assets/Graphics/Free/Terrain using Guid(0fc5c173f80da884ba8c3d0acd095191) Importer(815301076,1909f56bfc062723c751e8b465ee728b) (PreviewImporter)[PhysX] Initialized MultithreadedTaskDispatcher with 6 workers.
 -> (artifact id: '593dd7faa8b62249af92ede28f58410a') in 0.0048167 seconds
Number of updated asset objects reloaded before import = 0Number of asset objects unloaded after import = 0

========================================================================
Received Import Request.
  Time since last request: 0.035176 seconds.
  path: Assets/Graphics/Free/Terrain/Terrain (16x16).png
  artifactKey: Guid(98fcfb88a6eb4a7459936574c90fe1ba) Importer(815301076,1909f56bfc062723c751e8b465ee728b)
Start importing Assets/Graphics/Free/Terrain/Terrain (16x16).png using Guid(98fcfb88a6eb4a7459936574c90fe1ba) Importer(815301076,1909f56bfc062723c751e8b465ee728b) (PreviewImporter)[PhysX] Initialized MultithreadedTaskDispatcher with 6 workers.
[PhysX] Initialized MultithreadedTaskDispatcher with 6 workers.
 -> (artifact id: '2074b49fffd4163b59977313b01ff522') in 0.1108122 seconds
Number of updated asset objects reloaded before import = 0Number of asset objects unloaded after import = 16

========================================================================
Received Import Request.
  Time since last request: 30.837359 seconds.
  path: Assets/Graphics/Free/Terrain/Terrain (16x16).png
  artifactKey: Guid(98fcfb88a6eb4a7459936574c90fe1ba) Importer(815301076,1909f56bfc062723c751e8b465ee728b)
Start importing Assets/Graphics/Free/Terrain/Terrain (16x16).png using Guid(98fcfb88a6eb4a7459936574c90fe1ba) Importer(815301076,1909f56bfc062723c751e8b465ee728b) (PreviewImporter)[PhysX] Initialized MultithreadedTaskDispatcher with 6 workers.
[PhysX] Initialized MultithreadedTaskDispatcher with 6 workers.
 -> (artifact id: '88a558f13e71a5ecc9880997e8c748b1') in 0.0411563 seconds
Number of updated asset objects reloaded before import = 0Number of asset objects unloaded after import = 16

========================================================================
Received Import Request.
  Time since last request: 78.513811 seconds.
  path: Assets/Graphics/Free/Terrain/New Palette.prefab
  artifactKey: Guid(9ba41733b944bf64190dddc9ff62df30) Importer(815301076,1909f56bfc062723c751e8b465ee728b)
Start importing Assets/Graphics/Free/Terrain/New Palette.prefab using Guid(9ba41733b944bf64190dddc9ff62df30) Importer(815301076,1909f56bfc062723c751e8b465ee728b) (PreviewImporter)[PhysX] Initialized MultithreadedTaskDispatcher with 6 workers.
[PhysX] Initialized MultithreadedTaskDispatcher with 6 workers.
 -> (artifact id: 'c90257ef46c69c931aa55b28cf08fd4b') in 0.0443331 seconds
Number of updated asset objects reloaded before import = 0Number of asset objects unloaded after import = 10

========================================================================
Received Import Request.
  Time since last request: 10.007336 seconds.
  path: Assets/Graphics/Free/Terrain/New Palette.prefab
  artifactKey: Guid(9ba41733b944bf64190dddc9ff62df30) Importer(815301076,1909f56bfc062723c751e8b465ee728b)
Start importing Assets/Graphics/Free/Terrain/New Palette.prefab using Guid(9ba41733b944bf64190dddc9ff62df30) Importer(815301076,1909f56bfc062723c751e8b465ee728b) (PreviewImporter)[PhysX] Initialized MultithreadedTaskDispatcher with 6 workers.
[PhysX] Initialized MultithreadedTaskDispatcher with 6 workers.
 -> (artifact id: '10b463851fba514d8fb32cb65b76a706') in 0.0150292 seconds
Number of updated asset objects reloaded before import = 0Number of asset objects unloaded after import = 13

========================================================================
Received Import Request.
  Time since last request: 36.732696 seconds.
  path: Assets/Graphics/Free/Terrain/New Palette.prefab
  artifactKey: Guid(9ba41733b944bf64190dddc9ff62df30) Importer(815301076,1909f56bfc062723c751e8b465ee728b)
Start importing Assets/Graphics/Free/Terrain/New Palette.prefab using Guid(9ba41733b944bf64190dddc9ff62df30) Importer(815301076,1909f56bfc062723c751e8b465ee728b) (PreviewImporter)[PhysX] Initialized MultithreadedTaskDispatcher with 6 workers.
[PhysX] Initialized MultithreadedTaskDispatcher with 6 workers.
 -> (artifact id: '449048a8af7d355073170476ce28630d') in 0.0072796 seconds
Number of updated asset objects reloaded before import = 0Number of asset objects unloaded after import = 13

========================================================================
Received Import Request.
  Time since last request: 0.000019 seconds.
  path: Assets/Graphics/Free/Terrain/Terrain (16x16)_1.asset
  artifactKey: Guid(27e64aef3d3a8ce4b8dbf6e7d594395d) Importer(815301076,1909f56bfc062723c751e8b465ee728b)
Start importing Assets/Graphics/Free/Terrain/Terrain (16x16)_1.asset using Guid(27e64aef3d3a8ce4b8dbf6e7d594395d) Importer(815301076,1909f56bfc062723c751e8b465ee728b) (PreviewImporter)[PhysX] Initialized MultithreadedTaskDispatcher with 6 workers.
 -> (artifact id: '218ee86dd6c7b4f586f04608784abf24') in 0.0069177 seconds
Number of updated asset objects reloaded before import = 0Number of asset objects unloaded after import = 3

========================================================================
Received Import Request.
  Time since last request: 7.856723 seconds.
  path: Assets/Graphics/Free/Terrain/New Palette.prefab
  artifactKey: Guid(9ba41733b944bf64190dddc9ff62df30) Importer(815301076,1909f56bfc062723c751e8b465ee728b)
Start importing Assets/Graphics/Free/Terrain/New Palette.prefab using Guid(9ba41733b944bf64190dddc9ff62df30) Importer(815301076,1909f56bfc062723c751e8b465ee728b) (PreviewImporter)[PhysX] Initialized MultithreadedTaskDispatcher with 6 workers.
[PhysX] Initialized MultithreadedTaskDispatcher with 6 workers.
 -> (artifact id: '79afc7716f53b610914745c3141b1bd9') in 0.0141066 seconds
Number of updated asset objects reloaded before import = 0Number of asset objects unloaded after import = 15

========================================================================
Received Import Request.
  Time since last request: 47.785841 seconds.
  path: Assets/Graphics/Free/Terrain/Terrain (16x16).png
  artifactKey: Guid(98fcfb88a6eb4a7459936574c90fe1ba) Importer(815301076,1909f56bfc062723c751e8b465ee728b)
Start importing Assets/Graphics/Free/Terrain/Terrain (16x16).png using Guid(98fcfb88a6eb4a7459936574c90fe1ba) Importer(815301076,1909f56bfc062723c751e8b465ee728b) (PreviewImporter)[PhysX] Initialized MultithreadedTaskDispatcher with 6 workers.
[PhysX] Initialized MultithreadedTaskDispatcher with 6 workers.
 -> (artifact id: 'a60349ee3e09c125c6dc19cb30067f03') in 0.0479572 seconds
Number of updated asset objects reloaded before import = 0Number of asset objects unloaded after import = 17

========================================================================
Received Import Request.
  Time since last request: 0.000017 seconds.
  path: Assets/Graphics/Free/Terrain/Terrain (16x16)_14.asset
  artifactKey: Guid(0d2b31f18e97e9d438584fd562165b3c) Importer(815301076,1909f56bfc062723c751e8b465ee728b)
Start importing Assets/Graphics/Free/Terrain/Terrain (16x16)_14.asset using Guid(0d2b31f18e97e9d438584fd562165b3c) Importer(815301076,1909f56bfc062723c751e8b465ee728b) (PreviewImporter)[PhysX] Initialized MultithreadedTaskDispatcher with 6 workers.
 -> (artifact id: 'cd76718001d3fc39b2b2bf9edac3b7eb') in 0.0053616 seconds
Number of updated asset objects reloaded before import = 0Number of asset objects unloaded after import = 3

========================================================================
Received Import Request.
  Time since last request: 0.000018 seconds.
  path: Assets/Graphics/Free/Terrain/Terrain (16x16)_1.asset
  artifactKey: Guid(27e64aef3d3a8ce4b8dbf6e7d594395d) Importer(815301076,1909f56bfc062723c751e8b465ee728b)
Start importing Assets/Graphics/Free/Terrain/Terrain (16x16)_1.asset using Guid(27e64aef3d3a8ce4b8dbf6e7d594395d) Importer(815301076,1909f56bfc062723c751e8b465ee728b) (PreviewImporter)[PhysX] Initialized MultithreadedTaskDispatcher with 6 workers.
 -> (artifact id: 'e722189c31028c79bea01064db2bb9c6') in 0.0112412 seconds
Number of updated asset objects reloaded before import = 0Number of asset objects unloaded after import = 3

========================================================================
Received Import Request.
  Time since last request: 2.523987 seconds.
  path: Assets/Graphics/Free/Terrain/Terrain (16x16).png
  artifactKey: Guid(98fcfb88a6eb4a7459936574c90fe1ba) Importer(815301076,1909f56bfc062723c751e8b465ee728b)
Start importing Assets/Graphics/Free/Terrain/Terrain (16x16).png using Guid(98fcfb88a6eb4a7459936574c90fe1ba) Importer(815301076,1909f56bfc062723c751e8b465ee728b) (PreviewImporter)[PhysX] Initialized MultithreadedTaskDispatcher with 6 workers.
[PhysX] Initialized MultithreadedTaskDispatcher with 6 workers.
 -> (artifact id: '1954d337f82437815a89f8499e1ee562') in 0.0395066 seconds
Number of updated asset objects reloaded before import = 0Number of asset objects unloaded after import = 17

========================================================================
Received Import Request.
  Time since last request: 3.044964 seconds.
  path: Assets/Graphics/Free/Terrain/Terrain (16x16).png
  artifactKey: Guid(98fcfb88a6eb4a7459936574c90fe1ba) Importer(815301076,1909f56bfc062723c751e8b465ee728b)
Start importing Assets/Graphics/Free/Terrain/Terrain (16x16).png using Guid(98fcfb88a6eb4a7459936574c90fe1ba) Importer(815301076,1909f56bfc062723c751e8b465ee728b) (PreviewImporter)[PhysX] Initialized MultithreadedTaskDispatcher with 6 workers.
[PhysX] Initialized MultithreadedTaskDispatcher with 6 workers.
 -> (artifact id: '1a9c37649517ef2d8c1c83f777d179f0') in 0.0351774 seconds
Number of updated asset objects reloaded before import = 0Number of asset objects unloaded after import = 17

========================================================================
Received Import Request.
  Time since last request: 0.000018 seconds.
  path: Assets/Graphics/Free/Terrain/Terrain (16x16)_1.asset
  artifactKey: Guid(27e64aef3d3a8ce4b8dbf6e7d594395d) Importer(815301076,1909f56bfc062723c751e8b465ee728b)
Start importing Assets/Graphics/Free/Terrain/Terrain (16x16)_1.asset using Guid(27e64aef3d3a8ce4b8dbf6e7d594395d) Importer(815301076,1909f56bfc062723c751e8b465ee728b) (PreviewImporter)[PhysX] Initialized MultithreadedTaskDispatcher with 6 workers.
 -> (artifact id: 'b9d375d6ecf4c892e05ae24c06e6605b') in 0.0055214 seconds
Number of updated asset objects reloaded before import = 0Number of asset objects unloaded after import = 3

========================================================================
Received Import Request.
  Time since last request: 161.886692 seconds.
  path: Assets/Graphics/FreePixelFood/FreePixelFood/Assets/FreePixelFood/Sprite/Food.png
  artifactKey: Guid(142ff8784e552734f9d6a895491d0ae8) Importer(815301076,1909f56bfc062723c751e8b465ee728b)
Start importing Assets/Graphics/FreePixelFood/FreePixelFood/Assets/FreePixelFood/Sprite/Food.png using Guid(142ff8784e552734f9d6a895491d0ae8) Importer(815301076,1909f56bfc062723c751e8b465ee728b) (PreviewImporter)[PhysX] Initialized MultithreadedTaskDispatcher with 6 workers.
[PhysX] Initialized MultithreadedTaskDispatcher with 6 workers.
 -> (artifact id: '09980bc4a980eee50a8bcf24f52cddf4') in 0.1291386 seconds
Number of updated asset objects reloaded before import = 0Number of asset objects unloaded after import = 66

========================================================================
Received Import Request.
  Time since last request: 0.000023 seconds.
  path: Assets/Graphics/FreePixelFood/FreePixelFood/Assets/FreePixelFood/Sprite/Food/Brownie.png
  artifactKey: Guid(d183b5f1a5cddc445a9e4277eec9b936) Importer(815301076,1909f56bfc062723c751e8b465ee728b)
Start importing Assets/Graphics/FreePixelFood/FreePixelFood/Assets/FreePixelFood/Sprite/Food/Brownie.png using Guid(d183b5f1a5cddc445a9e4277eec9b936) Importer(815301076,1909f56bfc062723c751e8b465ee728b) (PreviewImporter)[PhysX] Initialized MultithreadedTaskDispatcher with 6 workers.
[PhysX] Initialized MultithreadedTaskDispatcher with 6 workers.
 -> (artifact id: '47d6a6b4a4a0e980d292975164d3f8ef') in 0.0150856 seconds
Number of updated asset objects reloaded before import = 0Number of asset objects unloaded after import = 3

========================================================================
Received Import Request.
  Time since last request: 0.000021 seconds.
  path: Assets/Graphics/dinoCharactersVersion1.1/sheets/DinoSprites - mort.png
  artifactKey: Guid(7506edf628b2b5044a6d623914ce1be2) Importer(815301076,1909f56bfc062723c751e8b465ee728b)
Start importing Assets/Graphics/dinoCharactersVersion1.1/sheets/DinoSprites - mort.png using Guid(7506edf628b2b5044a6d623914ce1be2) Importer(815301076,1909f56bfc062723c751e8b465ee728b) (PreviewImporter)[PhysX] Initialized MultithreadedTaskDispatcher with 6 workers.
[PhysX] Initialized MultithreadedTaskDispatcher with 6 workers.
 -> (artifact id: 'be5f8701c444f343f72e441d48fe35ee') in 0.0674301 seconds
Number of updated asset objects reloaded before import = 0Number of asset objects unloaded after import = 26

========================================================================
Received Import Request.
  Time since last request: 0.000022 seconds.
  path: Assets/Graphics/dinoCharactersVersion1.1/sheets/DinoSprites - doux.png
  artifactKey: Guid(ca15acceef561ea4d8839e65e9150110) Importer(815301076,1909f56bfc062723c751e8b465ee728b)
Start importing Assets/Graphics/dinoCharactersVersion1.1/sheets/DinoSprites - doux.png using Guid(ca15acceef561ea4d8839e65e9150110) Importer(815301076,1909f56bfc062723c751e8b465ee728b) (PreviewImporter)[PhysX] Initialized MultithreadedTaskDispatcher with 6 workers.
[PhysX] Initialized MultithreadedTaskDispatcher with 6 workers.
 -> (artifact id: 'da201529bebc8b3faa621126ed9df400') in 0.0563877 seconds
Number of updated asset objects reloaded before import = 0Number of asset objects unloaded after import = 26

========================================================================
Received Import Request.
  Time since last request: 0.726211 seconds.
  path: Assets/Graphics/dinoCharactersVersion1.1/sheets/DinoSprites - tard.png
  artifactKey: Guid(b7e28f1a4f71b8940a745fa253ebbea0) Importer(815301076,1909f56bfc062723c751e8b465ee728b)
Start importing Assets/Graphics/dinoCharactersVersion1.1/sheets/DinoSprites - tard.png using Guid(b7e28f1a4f71b8940a745fa253ebbea0) Importer(815301076,1909f56bfc062723c751e8b465ee728b) (PreviewImporter)[PhysX] Initialized MultithreadedTaskDispatcher with 6 workers.
[PhysX] Initialized MultithreadedTaskDispatcher with 6 workers.
 -> (artifact id: 'b18ec999778d3d08d7e33a7e3d75ad3a') in 0.0492918 seconds
Number of updated asset objects reloaded before import = 0Number of asset objects unloaded after import = 26

========================================================================
Received Import Request.
  Time since last request: 0.198710 seconds.
  path: Assets/Graphics/dinoCharactersVersion1.1/gifs/DinoSprites_doux.gif
  artifactKey: Guid(ffb7adacaa2d9b843a0dfb07040b12ce) Importer(815301076,1909f56bfc062723c751e8b465ee728b)
Start importing Assets/Graphics/dinoCharactersVersion1.1/gifs/DinoSprites_doux.gif using Guid(ffb7adacaa2d9b843a0dfb07040b12ce) Importer(815301076,1909f56bfc062723c751e8b465ee728b) (PreviewImporter)[PhysX] Initialized MultithreadedTaskDispatcher with 6 workers.
[PhysX] Initialized MultithreadedTaskDispatcher with 6 workers.
 -> (artifact id: 'be2eeb4a37fa728788f0f7a5060eb99e') in 0.016155 seconds
Number of updated asset objects reloaded before import = 0Number of asset objects unloaded after import = 3

========================================================================
Received Import Request.
  Time since last request: 0.007616 seconds.
  path: Assets/Graphics/dinoCharactersVersion1.1/gifs/DinoSprites_mort.gif
  artifactKey: Guid(d49919e99a6f1764f8f34c7fe92dd37e) Importer(815301076,1909f56bfc062723c751e8b465ee728b)
Start importing Assets/Graphics/dinoCharactersVersion1.1/gifs/DinoSprites_mort.gif using Guid(d49919e99a6f1764f8f34c7fe92dd37e) Importer(815301076,1909f56bfc062723c751e8b465ee728b) (PreviewImporter)[PhysX] Initialized MultithreadedTaskDispatcher with 6 workers.
[PhysX] Initialized MultithreadedTaskDispatcher with 6 workers.
 -> (artifact id: '85b5cb8a588285f04c3d76c33771e28e') in 0.0162217 seconds
Number of updated asset objects reloaded before import = 0Number of asset objects unloaded after import = 3

========================================================================
Received Import Request.
  Time since last request: 0.000022 seconds.
  path: Assets/Graphics/FreePixelFood/FreePixelFood/Assets/FreePixelFood/Sprite/Food/Eggs.png
  artifactKey: Guid(9eaa6d95a1d94ed41866b52732c3f08b) Importer(815301076,1909f56bfc062723c751e8b465ee728b)
Start importing Assets/Graphics/FreePixelFood/FreePixelFood/Assets/FreePixelFood/Sprite/Food/Eggs.png using Guid(9eaa6d95a1d94ed41866b52732c3f08b) Importer(815301076,1909f56bfc062723c751e8b465ee728b) (PreviewImporter)[PhysX] Initialized MultithreadedTaskDispatcher with 6 workers.
[PhysX] Initialized MultithreadedTaskDispatcher with 6 workers.
 -> (artifact id: '655d27334786f75e68ecf2302153112b') in 0.0139107 seconds
Number of updated asset objects reloaded before import = 0Number of asset objects unloaded after import = 3

========================================================================
Received Import Request.
  Time since last request: 0.000029 seconds.
  path: Assets/Graphics/FreePixelFood/FreePixelFood/Assets/FreePixelFood/Sprite/Food/Fish.png
  artifactKey: Guid(9008780582d3efe4fb4acfc2a510a77d) Importer(815301076,1909f56bfc062723c751e8b465ee728b)
Start importing Assets/Graphics/FreePixelFood/FreePixelFood/Assets/FreePixelFood/Sprite/Food/Fish.png using Guid(9008780582d3efe4fb4acfc2a510a77d) Importer(815301076,1909f56bfc062723c751e8b465ee728b) (PreviewImporter)[PhysX] Initialized MultithreadedTaskDispatcher with 6 workers.
[PhysX] Initialized MultithreadedTaskDispatcher with 6 workers.
 -> (artifact id: 'fc79d0f4b7b0dd4d9f4b6bc12f5b61f0') in 0.0138916 seconds
Number of updated asset objects reloaded before import = 0Number of asset objects unloaded after import = 3

========================================================================
Received Import Request.
  Time since last request: 0.000021 seconds.
  path: Assets/Graphics/FreePixelFood/FreePixelFood/Assets/FreePixelFood/Sprite/Food/Olive.png
  artifactKey: Guid(8201bc85b4ce96745b431622ca8e7eb2) Importer(815301076,1909f56bfc062723c751e8b465ee728b)
Start importing Assets/Graphics/FreePixelFood/FreePixelFood/Assets/FreePixelFood/Sprite/Food/Olive.png using Guid(8201bc85b4ce96745b431622ca8e7eb2) Importer(815301076,1909f56bfc062723c751e8b465ee728b) (PreviewImporter)[PhysX] Initialized MultithreadedTaskDispatcher with 6 workers.
[PhysX] Initialized MultithreadedTaskDispatcher with 6 workers.
 -> (artifact id: 'a9ea61fc0aa8e23f794e3f91e160428a') in 0.0158526 seconds
Number of updated asset objects reloaded before import = 0Number of asset objects unloaded after import = 3

========================================================================
Received Import Request.
  Time since last request: 0.000030 seconds.
  path: Assets/Graphics/FreePixelFood/FreePixelFood/Assets/FreePixelFood/Sprite/Food/FishSteak.png
  artifactKey: Guid(e340efa915ac807489393b116994f002) Importer(815301076,1909f56bfc062723c751e8b465ee728b)
Start importing Assets/Graphics/FreePixelFood/FreePixelFood/Assets/FreePixelFood/Sprite/Food/FishSteak.png using Guid(e340efa915ac807489393b116994f002) Importer(815301076,1909f56bfc062723c751e8b465ee728b) (PreviewImporter)[PhysX] Initialized MultithreadedTaskDispatcher with 6 workers.
[PhysX] Initialized MultithreadedTaskDispatcher with 6 workers.
 -> (artifact id: '03d847a39789ddf945dde309775174bd') in 0.0142161 seconds
Number of updated asset objects reloaded before import = 0Number of asset objects unloaded after import = 3

========================================================================
Received Import Request.
  Time since last request: 0.000019 seconds.
  path: Assets/Graphics/FreePixelFood/FreePixelFood/Assets/FreePixelFood/Sprite/Food/Onion.png
  artifactKey: Guid(8fdcf9a56ea7d8a4fb2f76292efe48bf) Importer(815301076,1909f56bfc062723c751e8b465ee728b)
Start importing Assets/Graphics/FreePixelFood/FreePixelFood/Assets/FreePixelFood/Sprite/Food/Onion.png using Guid(8fdcf9a56ea7d8a4fb2f76292efe48bf) Importer(815301076,1909f56bfc062723c751e8b465ee728b) (PreviewImporter)[PhysX] Initialized MultithreadedTaskDispatcher with 6 workers.
[PhysX] Initialized MultithreadedTaskDispatcher with 6 workers.
 -> (artifact id: '725bb82756b769a56c2fdf78265ef857') in 0.0167456 seconds
Number of updated asset objects reloaded before import = 0Number of asset objects unloaded after import = 3

========================================================================
Received Import Request.
  Time since last request: 0.000027 seconds.
  path: Assets/Graphics/FreePixelFood/FreePixelFood/Assets/FreePixelFood/Sprite/Food/PepperGreen.png
  artifactKey: Guid(2bf92f461ed19f24fb052c9061c08bd9) Importer(815301076,1909f56bfc062723c751e8b465ee728b)
Start importing Assets/Graphics/FreePixelFood/FreePixelFood/Assets/FreePixelFood/Sprite/Food/PepperGreen.png using Guid(2bf92f461ed19f24fb052c9061c08bd9) Importer(815301076,1909f56bfc062723c751e8b465ee728b) (PreviewImporter)[PhysX] Initialized MultithreadedTaskDispatcher with 6 workers.
[PhysX] Initialized MultithreadedTaskDispatcher with 6 workers.
 -> (artifact id: '26ce4e5e4b585b1e264a25b2c6567d5f') in 0.0157701 seconds
Number of updated asset objects reloaded before import = 0Number of asset objects unloaded after import = 3

========================================================================
Received Import Request.
  Time since last request: 0.000021 seconds.
  path: Assets/Graphics/FreePixelFood/FreePixelFood/Assets/FreePixelFood/Sprite/Food/PieLemon.png
  artifactKey: Guid(cc4c3524c7779d44dbcf4d432bbe9d06) Importer(815301076,1909f56bfc062723c751e8b465ee728b)
Start importing Assets/Graphics/FreePixelFood/FreePixelFood/Assets/FreePixelFood/Sprite/Food/PieLemon.png using Guid(cc4c3524c7779d44dbcf4d432bbe9d06) Importer(815301076,1909f56bfc062723c751e8b465ee728b) (PreviewImporter)[PhysX] Initialized MultithreadedTaskDispatcher with 6 workers.
[PhysX] Initialized MultithreadedTaskDispatcher with 6 workers.
 -> (artifact id: 'e169b0d70131d3d95989ca059e84cf48') in 0.0150912 seconds
Number of updated asset objects reloaded before import = 0Number of asset objects unloaded after import = 3

========================================================================
Received Import Request.
  Time since last request: 0.000029 seconds.
  path: Assets/Graphics/FreePixelFood/FreePixelFood/Assets/FreePixelFood/Sprite/Food/Jerky.png
  artifactKey: Guid(64ab12e2260f05640b720a6cb7430a4c) Importer(815301076,1909f56bfc062723c751e8b465ee728b)
Start importing Assets/Graphics/FreePixelFood/FreePixelFood/Assets/FreePixelFood/Sprite/Food/Jerky.png using Guid(64ab12e2260f05640b720a6cb7430a4c) Importer(815301076,1909f56bfc062723c751e8b465ee728b) (PreviewImporter)[PhysX] Initialized MultithreadedTaskDispatcher with 6 workers.
[PhysX] Initialized MultithreadedTaskDispatcher with 6 workers.
 -> (artifact id: '9bdecbc87ce6db97f5dd8ef298d91af5') in 0.0162063 seconds
Number of updated asset objects reloaded before import = 0Number of asset objects unloaded after import = 3

========================================================================
Received Import Request.
  Time since last request: 0.000020 seconds.
  path: Assets/Graphics/dinoCharactersVersion1.1/gifs/DinoSprites_vita.gif
  artifactKey: Guid(ee80c11c9c954fc448b6721bfcf475f4) Importer(815301076,1909f56bfc062723c751e8b465ee728b)
Start importing Assets/Graphics/dinoCharactersVersion1.1/gifs/DinoSprites_vita.gif using Guid(ee80c11c9c954fc448b6721bfcf475f4) Importer(815301076,1909f56bfc062723c751e8b465ee728b) (PreviewImporter)[PhysX] Initialized MultithreadedTaskDispatcher with 6 workers.
[PhysX] Initialized MultithreadedTaskDispatcher with 6 workers.
 -> (artifact id: 'a963a9c9ac9fe5d442158a48a54235f3') in 0.0141583 seconds
Number of updated asset objects reloaded before import = 0Number of asset objects unloaded after import = 3

========================================================================
Received Import Request.
  Time since last request: 0.000018 seconds.
  path: Assets/Graphics/FreePixelFood/FreePixelFood/Assets/FreePixelFood/Sprite/Food/Marmalade.png
  artifactKey: Guid(4f05b20a28cd0394a9dfe5ad2dd89981) Importer(815301076,1909f56bfc062723c751e8b465ee728b)
Start importing Assets/Graphics/FreePixelFood/FreePixelFood/Assets/FreePixelFood/Sprite/Food/Marmalade.png using Guid(4f05b20a28cd0394a9dfe5ad2dd89981) Importer(815301076,1909f56bfc062723c751e8b465ee728b) (PreviewImporter)[PhysX] Initialized MultithreadedTaskDispatcher with 6 workers.
[PhysX] Initialized MultithreadedTaskDispatcher with 6 workers.
 -> (artifact id: '86a3daed31540582a5144c3ae6d0a226') in 0.0142182 seconds
Number of updated asset objects reloaded before import = 0Number of asset objects unloaded after import = 3

========================================================================
Received Import Request.
  Time since last request: 0.000014 seconds.
  path: Assets/Graphics/FreePixelFood/FreePixelFood/Assets/FreePixelFood/Sprite/Food/PieApple.png
  artifactKey: Guid(849b5da8cd3dc0a428bc921c66b6f435) Importer(815301076,1909f56bfc062723c751e8b465ee728b)
Start importing Assets/Graphics/FreePixelFood/FreePixelFood/Assets/FreePixelFood/Sprite/Food/PieApple.png using Guid(849b5da8cd3dc0a428bc921c66b6f435) Importer(815301076,1909f56bfc062723c751e8b465ee728b) (PreviewImporter)[PhysX] Initialized MultithreadedTaskDispatcher with 6 workers.
[PhysX] Initialized MultithreadedTaskDispatcher with 6 workers.
 -> (artifact id: '89ccf2d755bea90dba32e1bc7b880971') in 0.014779 seconds
Number of updated asset objects reloaded before import = 0Number of asset objects unloaded after import = 3

========================================================================
Received Import Request.
  Time since last request: 0.000030 seconds.
  path: Assets/Graphics/FreePixelFood/FreePixelFood/Assets/FreePixelFood/Sprite/Food/Moonshine.png
  artifactKey: Guid(ceb7d4ba1e853c741a565484d3f1af4b) Importer(815301076,1909f56bfc062723c751e8b465ee728b)
Start importing Assets/Graphics/FreePixelFood/FreePixelFood/Assets/FreePixelFood/Sprite/Food/Moonshine.png using Guid(ceb7d4ba1e853c741a565484d3f1af4b) Importer(815301076,1909f56bfc062723c751e8b465ee728b) (PreviewImporter)[PhysX] Initialized MultithreadedTaskDispatcher with 6 workers.
[PhysX] Initialized MultithreadedTaskDispatcher with 6 workers.
 -> (artifact id: '16ddda5b622d594ff3afdc41f1adaa78') in 0.0145749 seconds
Number of updated asset objects reloaded before import = 0Number of asset objects unloaded after import = 3

========================================================================
Received Import Request.
  Time since last request: 0.000017 seconds.
  path: Assets/Graphics/FreePixelFood/FreePixelFood/Assets/FreePixelFood/Sprite/Food/Honey.png
  artifactKey: Guid(213d37f2675510c44ad06fb526cd48f5) Importer(815301076,1909f56bfc062723c751e8b465ee728b)
Start importing Assets/Graphics/FreePixelFood/FreePixelFood/Assets/FreePixelFood/Sprite/Food/Honey.png using Guid(213d37f2675510c44ad06fb526cd48f5) Importer(815301076,1909f56bfc062723c751e8b465ee728b) (PreviewImporter)[PhysX] Initialized MultithreadedTaskDispatcher with 6 workers.
[PhysX] Initialized MultithreadedTaskDispatcher with 6 workers.
 -> (artifact id: 'b84add3cfb6dadf65eb8045f2b76e826') in 0.0119156 seconds
Number of updated asset objects reloaded before import = 0Number of asset objects unloaded after import = 3

========================================================================
Received Import Request.
  Time since last request: 0.000023 seconds.
  path: Assets/Graphics/FreePixelFood/FreePixelFood/Assets/FreePixelFood/Sprite/Food/DragonFruit.png
  artifactKey: Guid(b2834b9a4be626e4d8a56e1cde70b1b1) Importer(815301076,1909f56bfc062723c751e8b465ee728b)
Start importing Assets/Graphics/FreePixelFood/FreePixelFood/Assets/FreePixelFood/Sprite/Food/DragonFruit.png using Guid(b2834b9a4be626e4d8a56e1cde70b1b1) Importer(815301076,1909f56bfc062723c751e8b465ee728b) (PreviewImporter)[PhysX] Initialized MultithreadedTaskDispatcher with 6 workers.
[PhysX] Initialized MultithreadedTaskDispatcher with 6 workers.
 -> (artifact id: 'aaf1fe584ac8a8093e2adc1090c48b8b') in 0.0135687 seconds
Number of updated asset objects reloaded before import = 0Number of asset objects unloaded after import = 3

========================================================================
Received Import Request.
  Time since last request: 0.000025 seconds.
  path: Assets/Graphics/FreePixelFood/FreePixelFood/Assets/FreePixelFood/Sprite/Food/Pineapple.png
  artifactKey: Guid(c2b79727230842b4d89c658c13fd4e24) Importer(815301076,1909f56bfc062723c751e8b465ee728b)
Start importing Assets/Graphics/FreePixelFood/FreePixelFood/Assets/FreePixelFood/Sprite/Food/Pineapple.png using Guid(c2b79727230842b4d89c658c13fd4e24) Importer(815301076,1909f56bfc062723c751e8b465ee728b) (PreviewImporter)[PhysX] Initialized MultithreadedTaskDispatcher with 6 workers.
[PhysX] Initialized MultithreadedTaskDispatcher with 6 workers.
 -> (artifact id: '6cc1ea111e78b5fd1c9e401a4ec828c7') in 0.014496 seconds
Number of updated asset objects reloaded before import = 0Number of asset objects unloaded after import = 3

========================================================================
Received Import Request.
  Time since last request: 0.000027 seconds.
  path: Assets/Graphics/FreePixelFood/FreePixelFood/Assets/FreePixelFood/Sprite/Food/PotatoRed.png
  artifactKey: Guid(787f4dc687e529f43bf6a16504053d48) Importer(815301076,1909f56bfc062723c751e8b465ee728b)
Start importing Assets/Graphics/FreePixelFood/FreePixelFood/Assets/FreePixelFood/Sprite/Food/PotatoRed.png using Guid(787f4dc687e529f43bf6a16504053d48) Importer(815301076,1909f56bfc062723c751e8b465ee728b) (PreviewImporter)[PhysX] Initialized MultithreadedTaskDispatcher with 6 workers.
[PhysX] Initialized MultithreadedTaskDispatcher with 6 workers.
 -> (artifact id: 'da0cbb03c93f353e21b70cd8071199d1') in 0.0158024 seconds
Number of updated asset objects reloaded before import = 0Number of asset objects unloaded after import = 3

========================================================================
Received Import Request.
  Time since last request: 0.000028 seconds.
  path: Assets/Graphics/FreePixelFood/FreePixelFood/Assets/FreePixelFood/Sprite/Food/Whiskey.png
  artifactKey: Guid(36c5c2d32d6e5834ebf3d84ae5c8b01e) Importer(815301076,1909f56bfc062723c751e8b465ee728b)
Start importing Assets/Graphics/FreePixelFood/FreePixelFood/Assets/FreePixelFood/Sprite/Food/Whiskey.png using Guid(36c5c2d32d6e5834ebf3d84ae5c8b01e) Importer(815301076,1909f56bfc062723c751e8b465ee728b) (PreviewImporter)[PhysX] Initialized MultithreadedTaskDispatcher with 6 workers.
[PhysX] Initialized MultithreadedTaskDispatcher with 6 workers.
 -> (artifact id: 'a349fda3fd2dfd76a34b694db7147aeb') in 0.0146607 seconds
Number of updated asset objects reloaded before import = 0Number of asset objects unloaded after import = 3

========================================================================
Received Import Request.
  Time since last request: 0.000024 seconds.
  path: Assets/Graphics/FreePixelFood/FreePixelFood/Assets/FreePixelFood/Sprite/Food/Tomato.png
  artifactKey: Guid(bd166eb19a3cbf24194aec06da39cf2e) Importer(815301076,1909f56bfc062723c751e8b465ee728b)
Start importing Assets/Graphics/FreePixelFood/FreePixelFood/Assets/FreePixelFood/Sprite/Food/Tomato.png using Guid(bd166eb19a3cbf24194aec06da39cf2e) Importer(815301076,1909f56bfc062723c751e8b465ee728b) (PreviewImporter)[PhysX] Initialized MultithreadedTaskDispatcher with 6 workers.
[PhysX] Initialized MultithreadedTaskDispatcher with 6 workers.
 -> (artifact id: 'c6bcb2ad42da265f494127652343a268') in 0.0136888 seconds
Number of updated asset objects reloaded before import = 0Number of asset objects unloaded after import = 3

========================================================================
Received Import Request.
  Time since last request: 0.000020 seconds.
  path: Assets/Graphics/FreePixelFood/FreePixelFood/Assets/FreePixelFood/Sprite/Food/Pretzel.png
  artifactKey: Guid(5f4933d084b413e42a40a4d18ccb14bd) Importer(815301076,1909f56bfc062723c751e8b465ee728b)
Start importing Assets/Graphics/FreePixelFood/FreePixelFood/Assets/FreePixelFood/Sprite/Food/Pretzel.png using Guid(5f4933d084b413e42a40a4d18ccb14bd) Importer(815301076,1909f56bfc062723c751e8b465ee728b) (PreviewImporter)[PhysX] Initialized MultithreadedTaskDispatcher with 6 workers.
[PhysX] Initialized MultithreadedTaskDispatcher with 6 workers.
 -> (artifact id: 'dea481d0ce1dbe7555667baa2223c035') in 0.0128587 seconds
Number of updated asset objects reloaded before import = 0Number of asset objects unloaded after import = 3

========================================================================
Received Import Request.
  Time since last request: 0.000023 seconds.
  path: Assets/Graphics/FreePixelFood/FreePixelFood/Assets/FreePixelFood/Sprite/Food/Roll.png
  artifactKey: Guid(1f652ffe06272fe4c86995d3781d605b) Importer(815301076,1909f56bfc062723c751e8b465ee728b)
Start importing Assets/Graphics/FreePixelFood/FreePixelFood/Assets/FreePixelFood/Sprite/Food/Roll.png using Guid(1f652ffe06272fe4c86995d3781d605b) Importer(815301076,1909f56bfc062723c751e8b465ee728b) (PreviewImporter)[PhysX] Initialized MultithreadedTaskDispatcher with 6 workers.
[PhysX] Initialized MultithreadedTaskDispatcher with 6 workers.
 -> (artifact id: 'cc455e219dac1c0d86e4834b40fb8f5a') in 0.012618 seconds
Number of updated asset objects reloaded before import = 0Number of asset objects unloaded after import = 3

========================================================================
Received Import Request.
  Time since last request: 0.000015 seconds.
  path: Assets/Graphics/FreePixelFood/FreePixelFood/Assets/FreePixelFood/Sprite/Food/Tart.png
  artifactKey: Guid(2ba14b7e3cc2e8942b9c3a3ed3238fd5) Importer(815301076,1909f56bfc062723c751e8b465ee728b)
Start importing Assets/Graphics/FreePixelFood/FreePixelFood/Assets/FreePixelFood/Sprite/Food/Tart.png using Guid(2ba14b7e3cc2e8942b9c3a3ed3238fd5) Importer(815301076,1909f56bfc062723c751e8b465ee728b) (PreviewImporter)[PhysX] Initialized MultithreadedTaskDispatcher with 6 workers.
[PhysX] Initialized MultithreadedTaskDispatcher with 6 workers.
 -> (artifact id: '7ea2d662bead0c48e720886244480055') in 0.0161466 seconds
Number of updated asset objects reloaded before import = 0Number of asset objects unloaded after import = 3

========================================================================
Received Import Request.
  Time since last request: 0.000019 seconds.
  path: Assets/Graphics/FreePixelFood/FreePixelFood/Assets/FreePixelFood/Sprite/Food/Sausages.png
  artifactKey: Guid(2e2e2cb35cfe6204f950748a41ee838e) Importer(815301076,1909f56bfc062723c751e8b465ee728b)
Start importing Assets/Graphics/FreePixelFood/FreePixelFood/Assets/FreePixelFood/Sprite/Food/Sausages.png using Guid(2e2e2cb35cfe6204f950748a41ee838e) Importer(815301076,1909f56bfc062723c751e8b465ee728b) (PreviewImporter)[PhysX] Initialized MultithreadedTaskDispatcher with 6 workers.
[PhysX] Initialized MultithreadedTaskDispatcher with 6 workers.
 -> (artifact id: 'a8333ee75760e309a48b6d7b451675c8') in 0.0132372 seconds
Number of updated asset objects reloaded before import = 0Number of asset objects unloaded after import = 3

========================================================================
Received Import Request.
  Time since last request: 0.000020 seconds.
  path: Assets/Graphics/FreePixelFood/FreePixelFood/Assets/FreePixelFood/Sprite/Food/Strawberry.png
  artifactKey: Guid(d92e356740bd72d4f9651cf78787d1e7) Importer(815301076,1909f56bfc062723c751e8b465ee728b)
Start importing Assets/Graphics/FreePixelFood/FreePixelFood/Assets/FreePixelFood/Sprite/Food/Strawberry.png using Guid(d92e356740bd72d4f9651cf78787d1e7) Importer(815301076,1909f56bfc062723c751e8b465ee728b) (PreviewImporter)[PhysX] Initialized MultithreadedTaskDispatcher with 6 workers.
[PhysX] Initialized MultithreadedTaskDispatcher with 6 workers.
 -> (artifact id: '63c0ae77e9fccaacf97cb0dbdb8eec0f') in 0.0116315 seconds
Number of updated asset objects reloaded before import = 0Number of asset objects unloaded after import = 3

========================================================================
Received Import Request.
  Time since last request: 0.000042 seconds.
  path: Assets/Graphics/FreePixelFood/FreePixelFood/Assets/FreePixelFood/Sprite/Food/Waffles.png
  artifactKey: Guid(481361217e20600488dc50b0c21f0378) Importer(815301076,1909f56bfc062723c751e8b465ee728b)
Start importing Assets/Graphics/FreePixelFood/FreePixelFood/Assets/FreePixelFood/Sprite/Food/Waffles.png using Guid(481361217e20600488dc50b0c21f0378) Importer(815301076,1909f56bfc062723c751e8b465ee728b) (PreviewImporter)[PhysX] Initialized MultithreadedTaskDispatcher with 6 workers.
[PhysX] Initialized MultithreadedTaskDispatcher with 6 workers.
 -> (artifact id: '05a1a8a2eb1d3fa0d7392aa765c7ab60') in 0.0132864 seconds
Number of updated asset objects reloaded before import = 0Number of asset objects unloaded after import = 3

========================================================================
Received Import Request.
  Time since last request: 0.000020 seconds.
  path: Assets/Graphics/FreePixelFood/FreePixelFood/Assets/FreePixelFood/Sprite/Food/PepperRed.png
  artifactKey: Guid(0699585d82b9b5f49bee6abb309077c4) Importer(815301076,1909f56bfc062723c751e8b465ee728b)
Start importing Assets/Graphics/FreePixelFood/FreePixelFood/Assets/FreePixelFood/Sprite/Food/PepperRed.png using Guid(0699585d82b9b5f49bee6abb309077c4) Importer(815301076,1909f56bfc062723c751e8b465ee728b) (PreviewImporter)[PhysX] Initialized MultithreadedTaskDispatcher with 6 workers.
[PhysX] Initialized MultithreadedTaskDispatcher with 6 workers.
 -> (artifact id: '17c829a58e2112bdafaea8b8d48b2622') in 0.0140833 seconds
Number of updated asset objects reloaded before import = 0Number of asset objects unloaded after import = 3

========================================================================
Received Import Request.
  Time since last request: 0.000184 seconds.
  path: Assets/Graphics/FreePixelFood/FreePixelFood/Assets/FreePixelFood/Sprite/Food/Sushi.png
  artifactKey: Guid(f25c3831456f7e04cb1a52fa0a8187f5) Importer(815301076,1909f56bfc062723c751e8b465ee728b)
Start importing Assets/Graphics/FreePixelFood/FreePixelFood/Assets/FreePixelFood/Sprite/Food/Sushi.png using Guid(f25c3831456f7e04cb1a52fa0a8187f5) Importer(815301076,1909f56bfc062723c751e8b465ee728b) (PreviewImporter)[PhysX] Initialized MultithreadedTaskDispatcher with 6 workers.
[PhysX] Initialized MultithreadedTaskDispatcher with 6 workers.
 -> (artifact id: '289c2115e84740ec22095495368d3125') in 0.0150417 seconds
Number of updated asset objects reloaded before import = 0Number of asset objects unloaded after import = 3

========================================================================
Received Import Request.
  Time since last request: 0.000022 seconds.
  path: Assets/Graphics/FreePixelFood/FreePixelFood/Assets/FreePixelFood/Sprite/Food/Shrimp.png
  artifactKey: Guid(124f35aff40297349ab8c605a1dbfec6) Importer(815301076,1909f56bfc062723c751e8b465ee728b)
Start importing Assets/Graphics/FreePixelFood/FreePixelFood/Assets/FreePixelFood/Sprite/Food/Shrimp.png using Guid(124f35aff40297349ab8c605a1dbfec6) Importer(815301076,1909f56bfc062723c751e8b465ee728b) (PreviewImporter)[PhysX] Initialized MultithreadedTaskDispatcher with 6 workers.
[PhysX] Initialized MultithreadedTaskDispatcher with 6 workers.
 -> (artifact id: 'dc651acf506983b335200a13fd56d84c') in 0.0125147 seconds
Number of updated asset objects reloaded before import = 0Number of asset objects unloaded after import = 3

Editor requested this worker to shutdown with reason: Scaling down because of idle timeout
AssetImportWorker is now disconnected from the server
Process exiting
Exiting without the bug reporter. Application will terminate with return code 0