Using pre-set license
Built from 'trunk' branch; Version is '6000.0.9f1 (1490908003ac) revision 1347728'; Using compiler version '193933523'; Build Type 'Release'
OS: 'Windows 11  (10.0.22631) 64bit Core' Language: 'en' Physical Memory: 16310 MB
BatchMode: 1, IsHumanControllingUs: 0, StartBugReporterOnCrash: 0, Is64bit: 1, IsPro: 1

COMMAND LINE ARGUMENTS:
C:\Program Files\Unity\Hub\Editor\6000.0.9f1\Editor\Unity.exe
-adb2
-batchMode
-noUpm
-name
AssetImportWorker0
-projectPath
C:/Users/oguzh/OneDrive/Masaüstü/Dinoful
-logFile
Logs/AssetImportWorker0.log
-srvPort
54384
-job-worker-count
5
-background-job-worker-count
8
-asset-garbage-collectors
1
Successfully changed project path to: C:/Users/oguzh/OneDrive/Masaüstü/Dinoful
C:/Users/oguzh/OneDrive/Masaüstü/Dinoful
[UnityMemory] Configuration Parameters - Can be set up in boot.config
    "memorysetup-bucket-allocator-granularity=16"
    "memorysetup-bucket-allocator-bucket-count=8"
    "memorysetup-bucket-allocator-block-size=33554432"
    "memorysetup-bucket-allocator-block-count=8"
    "memorysetup-main-allocator-block-size=16777216"
    "memorysetup-thread-allocator-block-size=16777216"
    "memorysetup-gfx-main-allocator-block-size=16777216"
    "memorysetup-gfx-thread-allocator-block-size=16777216"
    "memorysetup-cache-allocator-block-size=4194304"
    "memorysetup-typetree-allocator-block-size=2097152"
    "memorysetup-profiler-bucket-allocator-granularity=16"
    "memorysetup-profiler-bucket-allocator-bucket-count=8"
    "memorysetup-profiler-bucket-allocator-block-size=33554432"
    "memorysetup-profiler-bucket-allocator-block-count=8"
    "memorysetup-profiler-allocator-block-size=16777216"
    "memorysetup-profiler-editor-allocator-block-size=1048576"
    "memorysetup-temp-allocator-size-main=16777216"
    "memorysetup-job-temp-allocator-block-size=2097152"
    "memorysetup-job-temp-allocator-block-size-background=1048576"
    "memorysetup-job-temp-allocator-reduction-small-platforms=262144"
    "memorysetup-allocator-temp-initial-block-size-main=262144"
    "memorysetup-allocator-temp-initial-block-size-worker=262144"
    "memorysetup-temp-allocator-size-background-worker=32768"
    "memorysetup-temp-allocator-size-job-worker=262144"
    "memorysetup-temp-allocator-size-preload-manager=33554432"
    "memorysetup-temp-allocator-size-nav-mesh-worker=65536"
    "memorysetup-temp-allocator-size-audio-worker=65536"
    "memorysetup-temp-allocator-size-cloud-worker=32768"
    "memorysetup-temp-allocator-size-gi-baking-worker=262144"
    "memorysetup-temp-allocator-size-gi-baking-worker=262144"
    "memorysetup-temp-allocator-size-gi-baking-worker=262144"
    "memorysetup-temp-allocator-size-gi-baking-worker=262144"
    "memorysetup-temp-allocator-size-gi-baking-worker=262144"
    "memorysetup-temp-allocator-size-gfx=262144"
Player connection [14924]  Target information:

Player connection [14924]  * "[IP] 192.168.1.61 [Port] 0 [Flags] 2 [Guid] 2187907938 [EditorId] 2187907938 [Version] 1048832 [Id] WindowsEditor(7,DESKTOP-O14C83C) [Debug] 1 [PackageName] WindowsEditor [ProjectName] Editor" 

Player connection [14924]  * "[IP] 169.254.59.32 [Port] 0 [Flags] 2 [Guid] 2187907938 [EditorId] 2187907938 [Version] 1048832 [Id] WindowsEditor(7,DESKTOP-O14C83C) [Debug] 1 [PackageName] WindowsEditor [ProjectName] Editor" 

Player connection [14924]  * "[IP] 192.168.1.20 [Port] 0 [Flags] 2 [Guid] 2187907938 [EditorId] 2187907938 [Version] 1048832 [Id] WindowsEditor(7,DESKTOP-O14C83C) [Debug] 1 [PackageName] WindowsEditor [ProjectName] Editor" 

Player connection [14924] Host joined multi-casting on [225.0.0.222:54997]...
Player connection [14924] Host joined alternative multi-casting on [225.0.0.222:34997]...
JobSystem: Creating JobQueue using job-worker-count value 5
Library Redirect Path: Library/
[PhysX] Initialized MultithreadedTaskDispatcher with 6 workers.
Refreshing native plugins compatible for Editor in 63.38 ms, found 4 plugins.
Preloading 0 native plugins for Editor in 0.00 ms.
Initialize engine version: 6000.0.9f1 (1490908003ac)
[Subsystems] Discovering subsystems at path C:/Program Files/Unity/Hub/Editor/6000.0.9f1/Editor/Data/Resources/UnitySubsystems
[Subsystems] Discovering subsystems at path C:/Users/oguzh/OneDrive/Masaüstü/Dinoful/Assets
GfxDevice: creating device client; kGfxThreadingModeNonThreaded
Direct3D:
    Version:  Direct3D 11.0 [level 11.1]
    Renderer: NVIDIA GeForce RTX 3060 Ti (ID=0x2486)
    Vendor:   NVIDIA
    VRAM:     8024 MB
    Driver:   32.0.15.6070
Initialize mono
Mono path[0] = 'C:/Program Files/Unity/Hub/Editor/6000.0.9f1/Editor/Data/Managed'
Mono path[1] = 'C:/Program Files/Unity/Hub/Editor/6000.0.9f1/Editor/Data/MonoBleedingEdge/lib/mono/unityjit-win32'
Mono config path = 'C:/Program Files/Unity/Hub/Editor/6000.0.9f1/Editor/Data/MonoBleedingEdge/etc'
Using monoOptions --debugger-agent=transport=dt_socket,embedding=1,server=y,suspend=n,address=127.0.0.1:56436
Begin MonoManager ReloadAssembly
Registering precompiled unity dll's ...
Register platform support module: C:/Program Files/Unity/Hub/Editor/6000.0.9f1/Editor/Data/PlaybackEngines/WindowsStandaloneSupport/UnityEditor.WindowsStandalone.Extensions.dll
Register platform support module: C:/Program Files/Unity/Hub/Editor/6000.0.9f1/Editor/Data/PlaybackEngines/AndroidPlayer/UnityEditor.Android.Extensions.dll
Registered in 0.006448 seconds.
- Loaded All Assemblies, in  1.348 seconds
Native extension for Android target not found
Android Extension - Scanning For ADB Devices 1222 ms
Native extension for WindowsStandalone target not found
Mono: successfully reloaded assembly
- Finished resetting the current domain, in  2.834 seconds
Domain Reload Profiling: 4168ms
	BeginReloadAssembly (549ms)
		ExecutionOrderSort (0ms)
		DisableScriptedObjects (0ms)
		BackupInstance (0ms)
		ReleaseScriptingObjects (0ms)
		CreateAndSetChildDomain (1ms)
	RebuildCommonClasses (118ms)
	RebuildNativeTypeToScriptingClass (26ms)
	initialDomainReloadingComplete (121ms)
	LoadAllAssembliesAndSetupDomain (518ms)
		LoadAssemblies (545ms)
		RebuildTransferFunctionScriptingTraits (0ms)
		AnalyzeDomain (504ms)
			TypeCache.Refresh (501ms)
				TypeCache.ScanAssembly (469ms)
			BuildScriptInfoCaches (0ms)
			ResolveRequiredComponents (1ms)
	FinalizeReload (2836ms)
		ReleaseScriptCaches (0ms)
		RebuildScriptCaches (0ms)
		SetupLoadedEditorAssemblies (2684ms)
			LogAssemblyErrors (0ms)
			InitializePlatformSupportModulesInManaged (1673ms)
			SetLoadedEditorAssemblies (20ms)
			BeforeProcessingInitializeOnLoad (22ms)
			ProcessInitializeOnLoadAttributes (473ms)
			ProcessInitializeOnLoadMethodAttributes (495ms)
			AfterProcessingInitializeOnLoad (0ms)
			EditorAssembliesLoaded (0ms)
		ExecutionOrderSort2 (0ms)
		AwakeInstancesAfterBackupRestoration (0ms)
========================================================================
Worker process is ready to serve import requests
Import Worker Mode flag is 0x00
Begin MonoManager ReloadAssembly
- Loaded All Assemblies, in 10.428 seconds
Refreshing native plugins compatible for Editor in 19.06 ms, found 4 plugins.
Native extension for Android target not found
Native extension for WindowsStandalone target not found
Mono: successfully reloaded assembly
Package Manager log level set to [2]
[Package Manager] Failed to launch server process. Reason: Unity was launched with the -noUpm command-line argument
[Package Manager] Unable to send message (not connected to server process).
[Package Manager] Cannot connect to Unity Package Manager local server
[Package Manager] Failed to launch server process. Reason: Unity was launched with the -noUpm command-line argument
[Package Manager] Unable to send message (not connected to server process).
[Package Manager] Cannot connect to Unity Package Manager local server
- Finished resetting the current domain, in  3.278 seconds
Domain Reload Profiling: 13693ms
	BeginReloadAssembly (977ms)
		ExecutionOrderSort (0ms)
		DisableScriptedObjects (18ms)
		BackupInstance (0ms)
		ReleaseScriptingObjects (0ms)
		CreateAndSetChildDomain (54ms)
	RebuildCommonClasses (172ms)
	RebuildNativeTypeToScriptingClass (25ms)
	initialDomainReloadingComplete (99ms)
	LoadAllAssembliesAndSetupDomain (9142ms)
		LoadAssemblies (6135ms)
		RebuildTransferFunctionScriptingTraits (0ms)
		AnalyzeDomain (3219ms)
			TypeCache.Refresh (992ms)
				TypeCache.ScanAssembly (895ms)
			BuildScriptInfoCaches (2202ms)
			ResolveRequiredComponents (20ms)
	FinalizeReload (3279ms)
		ReleaseScriptCaches (0ms)
		RebuildScriptCaches (0ms)
		SetupLoadedEditorAssemblies (2447ms)
			LogAssemblyErrors (0ms)
			InitializePlatformSupportModulesInManaged (37ms)
			SetLoadedEditorAssemblies (19ms)
			BeforeProcessingInitializeOnLoad (486ms)
			ProcessInitializeOnLoadAttributes (1117ms)
			ProcessInitializeOnLoadMethodAttributes (764ms)
			AfterProcessingInitializeOnLoad (23ms)
			EditorAssembliesLoaded (1ms)
		ExecutionOrderSort2 (0ms)
		AwakeInstancesAfterBackupRestoration (27ms)
Launched and connected shader compiler UnityShaderCompiler.exe after 0.05 seconds
Refreshing native plugins compatible for Editor in 6.20 ms, found 4 plugins.
Preloading 0 native plugins for Editor in 0.00 ms.
Unloading 15 Unused Serialized files (Serialized files now loaded: 0)
Unloading 4968 unused Assets / (1.4 MB). Loaded Objects now: 5547.
Memory consumption went from 122.7 MB to 121.3 MB.
Total: 14.561700 ms (FindLiveObjects: 1.013700 ms CreateObjectMapping: 0.983100 ms MarkObjects: 10.584300 ms  DeleteObjects: 1.978100 ms)

========================================================================
Received Prepare
Begin MonoManager ReloadAssembly
- Loaded All Assemblies, in  2.200 seconds
Refreshing native plugins compatible for Editor in 9.07 ms, found 4 plugins.
Native extension for Android target not found
Native extension for WindowsStandalone target not found
Mono: successfully reloaded assembly
[Package Manager] Failed to launch server process. Reason: Unity was launched with the -noUpm command-line argument
[Package Manager] Unable to send message (not connected to server process).
[Package Manager] Cannot connect to Unity Package Manager local server
- Finished resetting the current domain, in  1.807 seconds
Domain Reload Profiling: 4004ms
	BeginReloadAssembly (694ms)
		ExecutionOrderSort (0ms)
		DisableScriptedObjects (184ms)
		BackupInstance (0ms)
		ReleaseScriptingObjects (0ms)
		CreateAndSetChildDomain (132ms)
	RebuildCommonClasses (91ms)
	RebuildNativeTypeToScriptingClass (28ms)
	initialDomainReloadingComplete (63ms)
	LoadAllAssembliesAndSetupDomain (1316ms)
		LoadAssemblies (1097ms)
		RebuildTransferFunctionScriptingTraits (0ms)
		AnalyzeDomain (478ms)
			TypeCache.Refresh (50ms)
				TypeCache.ScanAssembly (30ms)
			BuildScriptInfoCaches (405ms)
			ResolveRequiredComponents (16ms)
	FinalizeReload (1812ms)
		ReleaseScriptCaches (0ms)
		RebuildScriptCaches (0ms)
		SetupLoadedEditorAssemblies (1307ms)
			LogAssemblyErrors (0ms)
			InitializePlatformSupportModulesInManaged (40ms)
			SetLoadedEditorAssemblies (12ms)
			BeforeProcessingInitializeOnLoad (154ms)
			ProcessInitializeOnLoadAttributes (661ms)
			ProcessInitializeOnLoadMethodAttributes (428ms)
			AfterProcessingInitializeOnLoad (12ms)
			EditorAssembliesLoaded (0ms)
		ExecutionOrderSort2 (0ms)
		AwakeInstancesAfterBackupRestoration (17ms)
Refreshing native plugins compatible for Editor in 13.23 ms, found 4 plugins.
Preloading 0 native plugins for Editor in 0.00 ms.
Unloading 0 Unused Serialized files (Serialized files now loaded: 0)
Unloading 4966 unused Assets / (1.0 MB). Loaded Objects now: 5550.
Memory consumption went from 119.0 MB to 117.9 MB.
Total: 17.244600 ms (FindLiveObjects: 1.735600 ms CreateObjectMapping: 1.005600 ms MarkObjects: 12.694100 ms  DeleteObjects: 1.807400 ms)

Prepare: number of updated asset objects reloaded= 0
========================================================================
Received Import Request.
  Time since last request: 6733.137041 seconds.
  path: Assets/Readme.asset
  artifactKey: Guid(7f2c382dc2c22446db59030979f6e495) Importer(815301076,1909f56bfc062723c751e8b465ee728b)
Start importing Assets/Readme.asset using Guid(7f2c382dc2c22446db59030979f6e495) Importer(815301076,1909f56bfc062723c751e8b465ee728b) (PreviewImporter)[PhysX] Initialized MultithreadedTaskDispatcher with 6 workers.
 -> (artifact id: '244eb9245ef379a30a587d13c498d14e') in 0.0585025 seconds
Number of updated asset objects reloaded before import = 0Number of asset objects unloaded after import = 2

========================================================================
Received Import Request.
  Time since last request: 2259.094341 seconds.
  path: Assets/TutorialInfo
  artifactKey: Guid(37844c66aae9c48458b0dbb739dc59f0) Importer(815301076,1909f56bfc062723c751e8b465ee728b)
Start importing Assets/TutorialInfo using Guid(37844c66aae9c48458b0dbb739dc59f0) Importer(815301076,1909f56bfc062723c751e8b465ee728b) (PreviewImporter)[PhysX] Initialized MultithreadedTaskDispatcher with 6 workers.
 -> (artifact id: 'b10156184ccdfb5cd5c7c8aa8d2a8d11') in 0.0011742 seconds
Number of updated asset objects reloaded before import = 0Number of asset objects unloaded after import = 0

========================================================================
Received Import Request.
  Time since last request: 0.983963 seconds.
  path: Assets/TutorialInfo/Scripts
  artifactKey: Guid(5a9bcd70e6a4b4b05badaa72e827d8e0) Importer(815301076,1909f56bfc062723c751e8b465ee728b)
Start importing Assets/TutorialInfo/Scripts using Guid(5a9bcd70e6a4b4b05badaa72e827d8e0) Importer(815301076,1909f56bfc062723c751e8b465ee728b) (PreviewImporter)[PhysX] Initialized MultithreadedTaskDispatcher with 6 workers.
 -> (artifact id: 'dab1f0b2641bc1458eb78a938e3b8d33') in 0.00089 seconds
Number of updated asset objects reloaded before import = 0Number of asset objects unloaded after import = 0

========================================================================
Received Import Request.
  Time since last request: 1.271724 seconds.
  path: Assets/TutorialInfo/Scripts/Editor
  artifactKey: Guid(3ad9b87dffba344c89909c6d1b1c17e1) Importer(815301076,1909f56bfc062723c751e8b465ee728b)
Start importing Assets/TutorialInfo/Scripts/Editor using Guid(3ad9b87dffba344c89909c6d1b1c17e1) Importer(815301076,1909f56bfc062723c751e8b465ee728b) (PreviewImporter)[PhysX] Initialized MultithreadedTaskDispatcher with 6 workers.
 -> (artifact id: '3bb25e303b44d47300339dbf294d5299') in 0.0007487 seconds
Number of updated asset objects reloaded before import = 0Number of asset objects unloaded after import = 0

========================================================================
Received Import Request.
  Time since last request: 1.253618 seconds.
  path: Assets
  artifactKey: Guid(00000000000000001000000000000000) Importer(815301076,1909f56bfc062723c751e8b465ee728b)
Start importing Assets using Guid(00000000000000001000000000000000) Importer(815301076,1909f56bfc062723c751e8b465ee728b) (PreviewImporter)[PhysX] Initialized MultithreadedTaskDispatcher with 6 workers.
 -> (artifact id: '97b93d820d95dd656f91242fe8a4f1e0') in 0.000451 seconds
Number of updated asset objects reloaded before import = 0Number of asset objects unloaded after import = 0

========================================================================
Received Import Request.
  Time since last request: 4.029246 seconds.
  path: Assets/Graphics
  artifactKey: Guid(8e1e9bd0463dcef4bbbced436c0c3dc9) Importer(815301076,1909f56bfc062723c751e8b465ee728b)
Start importing Assets/Graphics using Guid(8e1e9bd0463dcef4bbbced436c0c3dc9) Importer(815301076,1909f56bfc062723c751e8b465ee728b) (PreviewImporter)[PhysX] Initialized MultithreadedTaskDispatcher with 6 workers.
 -> (artifact id: '7e6fb202f6c42bae53cfc508359f8898') in 0.000574 seconds
Number of updated asset objects reloaded before import = 0Number of asset objects unloaded after import = 0

========================================================================
Received Import Request.
  Time since last request: 4.857488 seconds.
  path: Assets/Scripts
  artifactKey: Guid(520cb0aaeb5c6b746a20628e0843cf65) Importer(815301076,1909f56bfc062723c751e8b465ee728b)
Start importing Assets/Scripts using Guid(520cb0aaeb5c6b746a20628e0843cf65) Importer(815301076,1909f56bfc062723c751e8b465ee728b) (PreviewImporter)[PhysX] Initialized MultithreadedTaskDispatcher with 6 workers.
 -> (artifact id: '6f5dba572426509244ef4e87ee73052c') in 0.0005403 seconds
Number of updated asset objects reloaded before import = 0Number of asset objects unloaded after import = 0

========================================================================
Received Import Request.
  Time since last request: 6.938593 seconds.
  path: Assets/Prefabs
  artifactKey: Guid(31b08e7f994e5de44ad8bf9dddad6b77) Importer(815301076,1909f56bfc062723c751e8b465ee728b)
Start importing Assets/Prefabs using Guid(31b08e7f994e5de44ad8bf9dddad6b77) Importer(815301076,1909f56bfc062723c751e8b465ee728b) (PreviewImporter)[PhysX] Initialized MultithreadedTaskDispatcher with 6 workers.
 -> (artifact id: '7cb3c4730ea8f88b3ff5bf3d221b77b3') in 0.000496 seconds
Number of updated asset objects reloaded before import = 0Number of asset objects unloaded after import = 0

========================================================================
Received Import Request.
  Time since last request: 223.739748 seconds.
  path: Assets/Graphics/Free
  artifactKey: Guid(45b1ef04532e3e744bf68bcb4350d1d4) Importer(815301076,1909f56bfc062723c751e8b465ee728b)
Start importing Assets/Graphics/Free using Guid(45b1ef04532e3e744bf68bcb4350d1d4) Importer(815301076,1909f56bfc062723c751e8b465ee728b) (PreviewImporter)[PhysX] Initialized MultithreadedTaskDispatcher with 6 workers.
 -> (artifact id: 'dc1f0b7674cf2d28ff5487294bb6665b') in 0.0005418 seconds
Number of updated asset objects reloaded before import = 0Number of asset objects unloaded after import = 0

========================================================================
Received Import Request.
  Time since last request: 0.056436 seconds.
  path: Assets/Graphics/Free/20 Enemies.png
  artifactKey: Guid(d58505ddaeb062942bffe3014eb2debc) Importer(815301076,1909f56bfc062723c751e8b465ee728b)
Start importing Assets/Graphics/Free/20 Enemies.png using Guid(d58505ddaeb062942bffe3014eb2debc) Importer(815301076,1909f56bfc062723c751e8b465ee728b) (PreviewImporter)[PhysX] Initialized MultithreadedTaskDispatcher with 6 workers.
[PhysX] Initialized MultithreadedTaskDispatcher with 6 workers.
 -> (artifact id: 'c31b2bf85a4026ddc9c98c92a660b403') in 0.088958 seconds
Number of updated asset objects reloaded before import = 0Number of asset objects unloaded after import = 3

========================================================================
Received Import Request.
  Time since last request: 2.776000 seconds.
  path: Assets/Graphics/Free/Background
  artifactKey: Guid(44e8203589c583c4fb21fa688436ebf9) Importer(815301076,1909f56bfc062723c751e8b465ee728b)
Start importing Assets/Graphics/Free/Background using Guid(44e8203589c583c4fb21fa688436ebf9) Importer(815301076,1909f56bfc062723c751e8b465ee728b) (PreviewImporter)[PhysX] Initialized MultithreadedTaskDispatcher with 6 workers.
 -> (artifact id: 'fb8b1c5033c745a62a24a261ad0eacc0') in 0.0005326 seconds
Number of updated asset objects reloaded before import = 0Number of asset objects unloaded after import = 0

========================================================================
Received Import Request.
  Time since last request: 0.052699 seconds.
  path: Assets/Graphics/Free/Background/Blue.png
  artifactKey: Guid(32692392121826a4ba36e4e9fb342639) Importer(815301076,1909f56bfc062723c751e8b465ee728b)
Start importing Assets/Graphics/Free/Background/Blue.png using Guid(32692392121826a4ba36e4e9fb342639) Importer(815301076,1909f56bfc062723c751e8b465ee728b) (PreviewImporter)[PhysX] Initialized MultithreadedTaskDispatcher with 6 workers.
[PhysX] Initialized MultithreadedTaskDispatcher with 6 workers.
 -> (artifact id: '6bfeaa228916d162726b5f95c34514df') in 0.0152353 seconds
Number of updated asset objects reloaded before import = 0Number of asset objects unloaded after import = 3

========================================================================
Received Import Request.
  Time since last request: 0.000020 seconds.
  path: Assets/Graphics/Free/Background/Green.png
  artifactKey: Guid(f587d43e531d89443a7da86305dbb98e) Importer(815301076,1909f56bfc062723c751e8b465ee728b)
Start importing Assets/Graphics/Free/Background/Green.png using Guid(f587d43e531d89443a7da86305dbb98e) Importer(815301076,1909f56bfc062723c751e8b465ee728b) (PreviewImporter)[PhysX] Initialized MultithreadedTaskDispatcher with 6 workers.
[PhysX] Initialized MultithreadedTaskDispatcher with 6 workers.
 -> (artifact id: '3ce41f9330f4c94c0b76e259774df0f2') in 0.0183997 seconds
Number of updated asset objects reloaded before import = 0Number of asset objects unloaded after import = 3

========================================================================
Received Import Request.
  Time since last request: 0.000029 seconds.
  path: Assets/Graphics/Free/Background/Gray.png
  artifactKey: Guid(84a233fbad992024ba9c32a65589797c) Importer(815301076,1909f56bfc062723c751e8b465ee728b)
Start importing Assets/Graphics/Free/Background/Gray.png using Guid(84a233fbad992024ba9c32a65589797c) Importer(815301076,1909f56bfc062723c751e8b465ee728b) (PreviewImporter)[PhysX] Initialized MultithreadedTaskDispatcher with 6 workers.
[PhysX] Initialized MultithreadedTaskDispatcher with 6 workers.
 -> (artifact id: 'a5f8abeee5e67fcbc35409b95111ef3f') in 0.0129443 seconds
Number of updated asset objects reloaded before import = 0Number of asset objects unloaded after import = 3

========================================================================
Received Import Request.
  Time since last request: 0.000034 seconds.
  path: Assets/Graphics/Free/Background/Purple.png
  artifactKey: Guid(8b359064d8010814385700bb77166e9b) Importer(815301076,1909f56bfc062723c751e8b465ee728b)
Start importing Assets/Graphics/Free/Background/Purple.png using Guid(8b359064d8010814385700bb77166e9b) Importer(815301076,1909f56bfc062723c751e8b465ee728b) (PreviewImporter)[PhysX] Initialized MultithreadedTaskDispatcher with 6 workers.
[PhysX] Initialized MultithreadedTaskDispatcher with 6 workers.
 -> (artifact id: 'ebb42f9f81878eb09a587697d15086eb') in 0.0170625 seconds
Number of updated asset objects reloaded before import = 0Number of asset objects unloaded after import = 3

========================================================================
Received Import Request.
  Time since last request: 164.512065 seconds.
  path: Assets/Graphics/Free/Terrain/Terrain (16x16)_1.asset
  artifactKey: Guid(27e64aef3d3a8ce4b8dbf6e7d594395d) Importer(815301076,1909f56bfc062723c751e8b465ee728b)
Start importing Assets/Graphics/Free/Terrain/Terrain (16x16)_1.asset using Guid(27e64aef3d3a8ce4b8dbf6e7d594395d) Importer(815301076,1909f56bfc062723c751e8b465ee728b) (PreviewImporter)[PhysX] Initialized MultithreadedTaskDispatcher with 6 workers.
 -> (artifact id: '30fc007e787ed8e3f9478a7e8cfaf56f') in 0.0410701 seconds
Number of updated asset objects reloaded before import = 0Number of asset objects unloaded after import = 3

========================================================================
Received Import Request.
  Time since last request: 36.704721 seconds.
  path: Assets/Graphics/Free/Terrain/Terrain (16x16).png
  artifactKey: Guid(98fcfb88a6eb4a7459936574c90fe1ba) Importer(815301076,1909f56bfc062723c751e8b465ee728b)
Start importing Assets/Graphics/Free/Terrain/Terrain (16x16).png using Guid(98fcfb88a6eb4a7459936574c90fe1ba) Importer(815301076,1909f56bfc062723c751e8b465ee728b) (PreviewImporter)[PhysX] Initialized MultithreadedTaskDispatcher with 6 workers.
[PhysX] Initialized MultithreadedTaskDispatcher with 6 workers.
 -> (artifact id: 'b777fdc5fd27791e1076c5291a3b04ff') in 0.0453805 seconds
Number of updated asset objects reloaded before import = 0Number of asset objects unloaded after import = 17

========================================================================
Received Import Request.
  Time since last request: 7.828691 seconds.
  path: Assets/Graphics/Free/Terrain/Terrain (16x16)_14.asset
  artifactKey: Guid(0d2b31f18e97e9d438584fd562165b3c) Importer(815301076,1909f56bfc062723c751e8b465ee728b)
Start importing Assets/Graphics/Free/Terrain/Terrain (16x16)_14.asset using Guid(0d2b31f18e97e9d438584fd562165b3c) Importer(815301076,1909f56bfc062723c751e8b465ee728b) (PreviewImporter)[PhysX] Initialized MultithreadedTaskDispatcher with 6 workers.
 -> (artifact id: '8d0d1024720daa46ef8ef11686f14801') in 0.011713 seconds
Number of updated asset objects reloaded before import = 0Number of asset objects unloaded after import = 3

========================================================================
Received Import Request.
  Time since last request: 47.800392 seconds.
  path: Assets/Graphics/Free/Terrain/New Palette.prefab
  artifactKey: Guid(9ba41733b944bf64190dddc9ff62df30) Importer(815301076,1909f56bfc062723c751e8b465ee728b)
Start importing Assets/Graphics/Free/Terrain/New Palette.prefab using Guid(9ba41733b944bf64190dddc9ff62df30) Importer(815301076,1909f56bfc062723c751e8b465ee728b) (PreviewImporter)[PhysX] Initialized MultithreadedTaskDispatcher with 6 workers.
[PhysX] Initialized MultithreadedTaskDispatcher with 6 workers.
 -> (artifact id: 'fe0ec0ef9fb5b982c2277aadd1ffe05a') in 0.0465141 seconds
Number of updated asset objects reloaded before import = 0Number of asset objects unloaded after import = 15

========================================================================
Received Import Request.
  Time since last request: 2.542235 seconds.
  path: Assets/Graphics/Free/Terrain/New Palette.prefab
  artifactKey: Guid(9ba41733b944bf64190dddc9ff62df30) Importer(815301076,1909f56bfc062723c751e8b465ee728b)
Start importing Assets/Graphics/Free/Terrain/New Palette.prefab using Guid(9ba41733b944bf64190dddc9ff62df30) Importer(815301076,1909f56bfc062723c751e8b465ee728b) (PreviewImporter)[PhysX] Initialized MultithreadedTaskDispatcher with 6 workers.
[PhysX] Initialized MultithreadedTaskDispatcher with 6 workers.
 -> (artifact id: '256f7ebec013a2a34e78991b01c64e10') in 0.0154479 seconds
Number of updated asset objects reloaded before import = 0Number of asset objects unloaded after import = 15

========================================================================
Received Import Request.
  Time since last request: 0.000016 seconds.
  path: Assets/Graphics/Free/Terrain/Terrain (16x16)_14.asset
  artifactKey: Guid(0d2b31f18e97e9d438584fd562165b3c) Importer(815301076,1909f56bfc062723c751e8b465ee728b)
Start importing Assets/Graphics/Free/Terrain/Terrain (16x16)_14.asset using Guid(0d2b31f18e97e9d438584fd562165b3c) Importer(815301076,1909f56bfc062723c751e8b465ee728b) (PreviewImporter)[PhysX] Initialized MultithreadedTaskDispatcher with 6 workers.
 -> (artifact id: 'a8534f46ba16e70b45f00f3fe50f6158') in 0.0052066 seconds
Number of updated asset objects reloaded before import = 0Number of asset objects unloaded after import = 3

========================================================================
Received Import Request.
  Time since last request: 0.000014 seconds.
  path: Assets/Graphics/Free/Terrain/Terrain (16x16)_1.asset
  artifactKey: Guid(27e64aef3d3a8ce4b8dbf6e7d594395d) Importer(815301076,1909f56bfc062723c751e8b465ee728b)
Start importing Assets/Graphics/Free/Terrain/Terrain (16x16)_1.asset using Guid(27e64aef3d3a8ce4b8dbf6e7d594395d) Importer(815301076,1909f56bfc062723c751e8b465ee728b) (PreviewImporter)[PhysX] Initialized MultithreadedTaskDispatcher with 6 workers.
 -> (artifact id: 'd5e3caab29baa864b3573b63d6fc03f9') in 0.0065151 seconds
Number of updated asset objects reloaded before import = 0Number of asset objects unloaded after import = 3

========================================================================
Received Import Request.
  Time since last request: 3.056196 seconds.
  path: Assets/Graphics/Free/Terrain/New Palette.prefab
  artifactKey: Guid(9ba41733b944bf64190dddc9ff62df30) Importer(815301076,1909f56bfc062723c751e8b465ee728b)
Start importing Assets/Graphics/Free/Terrain/New Palette.prefab using Guid(9ba41733b944bf64190dddc9ff62df30) Importer(815301076,1909f56bfc062723c751e8b465ee728b) (PreviewImporter)[PhysX] Initialized MultithreadedTaskDispatcher with 6 workers.
[PhysX] Initialized MultithreadedTaskDispatcher with 6 workers.
 -> (artifact id: '664273e70918046df78e02f9ddae716b') in 0.0150587 seconds
Number of updated asset objects reloaded before import = 0Number of asset objects unloaded after import = 15

========================================================================
Received Import Request.
  Time since last request: 0.000021 seconds.
  path: Assets/Graphics/Free/Terrain/Terrain (16x16)_14.asset
  artifactKey: Guid(0d2b31f18e97e9d438584fd562165b3c) Importer(815301076,1909f56bfc062723c751e8b465ee728b)
Start importing Assets/Graphics/Free/Terrain/Terrain (16x16)_14.asset using Guid(0d2b31f18e97e9d438584fd562165b3c) Importer(815301076,1909f56bfc062723c751e8b465ee728b) (PreviewImporter)[PhysX] Initialized MultithreadedTaskDispatcher with 6 workers.
 -> (artifact id: '085f4a0b1d5de8e48499676c3ba09492') in 0.0052901 seconds
Number of updated asset objects reloaded before import = 0Number of asset objects unloaded after import = 3

========================================================================
Received Import Request.
  Time since last request: 161.892386 seconds.
  path: Assets/Graphics/FreePixelFood/FreePixelFood/Assets/FreePixelFood/Sprite/Food/Apple.png
  artifactKey: Guid(61d01e8616313344b978a6518fd86ed6) Importer(815301076,1909f56bfc062723c751e8b465ee728b)
Start importing Assets/Graphics/FreePixelFood/FreePixelFood/Assets/FreePixelFood/Sprite/Food/Apple.png using Guid(61d01e8616313344b978a6518fd86ed6) Importer(815301076,1909f56bfc062723c751e8b465ee728b) (PreviewImporter)[PhysX] Initialized MultithreadedTaskDispatcher with 6 workers.
[PhysX] Initialized MultithreadedTaskDispatcher with 6 workers.
 -> (artifact id: '7719c3464c3036db5cff7df273a9ae09') in 0.0180596 seconds
Number of updated asset objects reloaded before import = 0Number of asset objects unloaded after import = 3

========================================================================
Received Import Request.
  Time since last request: 0.000024 seconds.
  path: Assets/Graphics/FreePixelFood/FreePixelFood/Assets/FreePixelFood/Sprite/Food/Avocado.png
  artifactKey: Guid(2d996a9f7524c354585e081fdf1c9ada) Importer(815301076,1909f56bfc062723c751e8b465ee728b)
Start importing Assets/Graphics/FreePixelFood/FreePixelFood/Assets/FreePixelFood/Sprite/Food/Avocado.png using Guid(2d996a9f7524c354585e081fdf1c9ada) Importer(815301076,1909f56bfc062723c751e8b465ee728b) (PreviewImporter)[PhysX] Initialized MultithreadedTaskDispatcher with 6 workers.
[PhysX] Initialized MultithreadedTaskDispatcher with 6 workers.
 -> (artifact id: '82f1e06d2888f75185b95d164423cdd1') in 0.0191491 seconds
Number of updated asset objects reloaded before import = 0Number of asset objects unloaded after import = 3

========================================================================
Received Import Request.
  Time since last request: 0.000024 seconds.
  path: Assets/Graphics/dinoCharactersVersion1.1/aseprite/dinoCharacters-display.ase
  artifactKey: Guid(fc12d21994751b94ea04b2554c6dfe9c) Importer(815301076,1909f56bfc062723c751e8b465ee728b)
Start importing Assets/Graphics/dinoCharactersVersion1.1/aseprite/dinoCharacters-display.ase using Guid(fc12d21994751b94ea04b2554c6dfe9c) Importer(815301076,1909f56bfc062723c751e8b465ee728b) (PreviewImporter)[PhysX] Initialized MultithreadedTaskDispatcher with 6 workers.
[PhysX] Initialized MultithreadedTaskDispatcher with 6 workers.
[PhysX] Initialized MultithreadedTaskDispatcher with 6 workers.
 -> (artifact id: 'c0804118f7368af14c3d8cd1d13997f7') in 0.0459401 seconds
Number of updated asset objects reloaded before import = 0Number of asset objects unloaded after import = 17

========================================================================
Received Import Request.
  Time since last request: 0.000019 seconds.
  path: Assets/Graphics/FreePixelFood/FreePixelFood/Assets/FreePixelFood/Sprite/Food/AppleWorm.png
  artifactKey: Guid(8fa37c2c8b9bd654c96a4fae10f387a1) Importer(815301076,1909f56bfc062723c751e8b465ee728b)
Start importing Assets/Graphics/FreePixelFood/FreePixelFood/Assets/FreePixelFood/Sprite/Food/AppleWorm.png using Guid(8fa37c2c8b9bd654c96a4fae10f387a1) Importer(815301076,1909f56bfc062723c751e8b465ee728b) (PreviewImporter)[PhysX] Initialized MultithreadedTaskDispatcher with 6 workers.
[PhysX] Initialized MultithreadedTaskDispatcher with 6 workers.
 -> (artifact id: 'f3aa7ae4ca92f2af7a29037907883301') in 0.0147144 seconds
Number of updated asset objects reloaded before import = 0Number of asset objects unloaded after import = 3

========================================================================
Received Import Request.
  Time since last request: 0.000029 seconds.
  path: Assets/Graphics/dinoCharactersVersion1.1/misc/bg.png
  artifactKey: Guid(8cc7bb9e4d72d0e469b69d85c22675f4) Importer(815301076,1909f56bfc062723c751e8b465ee728b)
Start importing Assets/Graphics/dinoCharactersVersion1.1/misc/bg.png using Guid(8cc7bb9e4d72d0e469b69d85c22675f4) Importer(815301076,1909f56bfc062723c751e8b465ee728b) (PreviewImporter)[PhysX] Initialized MultithreadedTaskDispatcher with 6 workers.
[PhysX] Initialized MultithreadedTaskDispatcher with 6 workers.
 -> (artifact id: 'e779fa0cf17c188db2039a428ebb9f0c') in 0.0146043 seconds
Number of updated asset objects reloaded before import = 0Number of asset objects unloaded after import = 3

========================================================================
Received Import Request.
  Time since last request: 0.000027 seconds.
  path: Assets/Graphics/FreePixelFood/FreePixelFood/Assets/FreePixelFood/Sprite/Food/Cheese.png
  artifactKey: Guid(31ce55c2474361d4fab07984f18f9145) Importer(815301076,1909f56bfc062723c751e8b465ee728b)
Start importing Assets/Graphics/FreePixelFood/FreePixelFood/Assets/FreePixelFood/Sprite/Food/Cheese.png using Guid(31ce55c2474361d4fab07984f18f9145) Importer(815301076,1909f56bfc062723c751e8b465ee728b) (PreviewImporter)[PhysX] Initialized MultithreadedTaskDispatcher with 6 workers.
[PhysX] Initialized MultithreadedTaskDispatcher with 6 workers.
 -> (artifact id: '5e6f072902c382d929f3c08453ce341f') in 0.0141155 seconds
Number of updated asset objects reloaded before import = 0Number of asset objects unloaded after import = 3

========================================================================
Received Import Request.
  Time since last request: 0.000024 seconds.
  path: Assets/Graphics/FreePixelFood/FreePixelFood/Assets/FreePixelFood/Sprite/Food/Beer.png
  artifactKey: Guid(e0a7fb47c7111464f866363e7a3f47da) Importer(815301076,1909f56bfc062723c751e8b465ee728b)
Start importing Assets/Graphics/FreePixelFood/FreePixelFood/Assets/FreePixelFood/Sprite/Food/Beer.png using Guid(e0a7fb47c7111464f866363e7a3f47da) Importer(815301076,1909f56bfc062723c751e8b465ee728b) (PreviewImporter)[PhysX] Initialized MultithreadedTaskDispatcher with 6 workers.
[PhysX] Initialized MultithreadedTaskDispatcher with 6 workers.
 -> (artifact id: 'ea9577b6e08ae8b19f92599e90e0fc5b') in 0.0146743 seconds
Number of updated asset objects reloaded before import = 0Number of asset objects unloaded after import = 3

========================================================================
Received Import Request.
  Time since last request: 0.000028 seconds.
  path: Assets/Graphics/dinoCharactersVersion1.1/dinoCharacters-display.gif
  artifactKey: Guid(14dc60dfdf8fd8b4dac15e7e16b129c2) Importer(815301076,1909f56bfc062723c751e8b465ee728b)
Start importing Assets/Graphics/dinoCharactersVersion1.1/dinoCharacters-display.gif using Guid(14dc60dfdf8fd8b4dac15e7e16b129c2) Importer(815301076,1909f56bfc062723c751e8b465ee728b) (PreviewImporter)[PhysX] Initialized MultithreadedTaskDispatcher with 6 workers.
[PhysX] Initialized MultithreadedTaskDispatcher with 6 workers.
 -> (artifact id: '1f9ca25983c28e2644286479c04b8a4e') in 0.0167315 seconds
Number of updated asset objects reloaded before import = 0Number of asset objects unloaded after import = 3

========================================================================
Received Import Request.
  Time since last request: 0.000028 seconds.
  path: Assets/Graphics/FreePixelFood/FreePixelFood/Assets/FreePixelFood/Sprite/Food/ChickenLeg.png
  artifactKey: Guid(b0851162516b6244f9ab7679cdb66512) Importer(815301076,1909f56bfc062723c751e8b465ee728b)
Start importing Assets/Graphics/FreePixelFood/FreePixelFood/Assets/FreePixelFood/Sprite/Food/ChickenLeg.png using Guid(b0851162516b6244f9ab7679cdb66512) Importer(815301076,1909f56bfc062723c751e8b465ee728b) (PreviewImporter)[PhysX] Initialized MultithreadedTaskDispatcher with 6 workers.
[PhysX] Initialized MultithreadedTaskDispatcher with 6 workers.
 -> (artifact id: '262af9f914e76c5550484e0f28fee156') in 0.01377 seconds
Number of updated asset objects reloaded before import = 0Number of asset objects unloaded after import = 3

========================================================================
Received Import Request.
  Time since last request: 0.000024 seconds.
  path: Assets/Graphics/FreePixelFood/FreePixelFood/Assets/FreePixelFood/Sprite/Food/Bacon.png
  artifactKey: Guid(0b9e159b363a1ff4f8982693963e393d) Importer(815301076,1909f56bfc062723c751e8b465ee728b)
Start importing Assets/Graphics/FreePixelFood/FreePixelFood/Assets/FreePixelFood/Sprite/Food/Bacon.png using Guid(0b9e159b363a1ff4f8982693963e393d) Importer(815301076,1909f56bfc062723c751e8b465ee728b) (PreviewImporter)[PhysX] Initialized MultithreadedTaskDispatcher with 6 workers.
[PhysX] Initialized MultithreadedTaskDispatcher with 6 workers.
 -> (artifact id: '3e56fc626de142c7a7a61b9e6f6f4801') in 0.0143675 seconds
Number of updated asset objects reloaded before import = 0Number of asset objects unloaded after import = 3

========================================================================
Received Import Request.
  Time since last request: 0.000235 seconds.
  path: Assets/Graphics/FreePixelFood/FreePixelFood/Assets/FreePixelFood/Sprite/Food/Boar.png
  artifactKey: Guid(d139b48a372802a42b221ad4a1f80911) Importer(815301076,1909f56bfc062723c751e8b465ee728b)
Start importing Assets/Graphics/FreePixelFood/FreePixelFood/Assets/FreePixelFood/Sprite/Food/Boar.png using Guid(d139b48a372802a42b221ad4a1f80911) Importer(815301076,1909f56bfc062723c751e8b465ee728b) (PreviewImporter)[PhysX] Initialized MultithreadedTaskDispatcher with 6 workers.
[PhysX] Initialized MultithreadedTaskDispatcher with 6 workers.
 -> (artifact id: 'fdc940bf356e727b5d58293930dc1eae') in 0.013738 seconds
Number of updated asset objects reloaded before import = 0Number of asset objects unloaded after import = 3

========================================================================
Received Import Request.
  Time since last request: 0.000018 seconds.
  path: Assets/Graphics/FreePixelFood/FreePixelFood/Assets/FreePixelFood/Sprite/Food/Chicken.png
  artifactKey: Guid(87b0be14180e9be4681e14b64915d462) Importer(815301076,1909f56bfc062723c751e8b465ee728b)
Start importing Assets/Graphics/FreePixelFood/FreePixelFood/Assets/FreePixelFood/Sprite/Food/Chicken.png using Guid(87b0be14180e9be4681e14b64915d462) Importer(815301076,1909f56bfc062723c751e8b465ee728b) (PreviewImporter)[PhysX] Initialized MultithreadedTaskDispatcher with 6 workers.
[PhysX] Initialized MultithreadedTaskDispatcher with 6 workers.
 -> (artifact id: '87d7283c42a553aae22fca13f6a44595') in 0.013972 seconds
Number of updated asset objects reloaded before import = 0Number of asset objects unloaded after import = 3

========================================================================
Received Import Request.
  Time since last request: 0.000021 seconds.
  path: Assets/Graphics/FreePixelFood/FreePixelFood/Assets/FreePixelFood/Sprite/Food/Bread.png
  artifactKey: Guid(c728868677dfad541b6543a1f2aec055) Importer(815301076,1909f56bfc062723c751e8b465ee728b)
Start importing Assets/Graphics/FreePixelFood/FreePixelFood/Assets/FreePixelFood/Sprite/Food/Bread.png using Guid(c728868677dfad541b6543a1f2aec055) Importer(815301076,1909f56bfc062723c751e8b465ee728b) (PreviewImporter)[PhysX] Initialized MultithreadedTaskDispatcher with 6 workers.
[PhysX] Initialized MultithreadedTaskDispatcher with 6 workers.
 -> (artifact id: '46e19e2d44ed1670ea63b7a2a701bb78') in 0.0151717 seconds
Number of updated asset objects reloaded before import = 0Number of asset objects unloaded after import = 3

========================================================================
Received Import Request.
  Time since last request: 0.000027 seconds.
  path: Assets/Graphics/FreePixelFood/FreePixelFood/Assets/FreePixelFood/Sprite/Food/Cherry.png
  artifactKey: Guid(bf7bb96fa1c415b4fb03ff227c934adc) Importer(815301076,1909f56bfc062723c751e8b465ee728b)
Start importing Assets/Graphics/FreePixelFood/FreePixelFood/Assets/FreePixelFood/Sprite/Food/Cherry.png using Guid(bf7bb96fa1c415b4fb03ff227c934adc) Importer(815301076,1909f56bfc062723c751e8b465ee728b) (PreviewImporter)[PhysX] Initialized MultithreadedTaskDispatcher with 6 workers.
[PhysX] Initialized MultithreadedTaskDispatcher with 6 workers.
 -> (artifact id: 'b14a9936980965fea60d647c09b22a1b') in 0.0140386 seconds
Number of updated asset objects reloaded before import = 0Number of asset objects unloaded after import = 3

========================================================================
Received Import Request.
  Time since last request: 0.000022 seconds.
  path: Assets/Graphics/FreePixelFood/FreePixelFood/Assets/FreePixelFood/Sprite/Food/Bug.png
  artifactKey: Guid(4043a37a958048f4a9402cf4f7c6157f) Importer(815301076,1909f56bfc062723c751e8b465ee728b)
Start importing Assets/Graphics/FreePixelFood/FreePixelFood/Assets/FreePixelFood/Sprite/Food/Bug.png using Guid(4043a37a958048f4a9402cf4f7c6157f) Importer(815301076,1909f56bfc062723c751e8b465ee728b) (PreviewImporter)[PhysX] Initialized MultithreadedTaskDispatcher with 6 workers.
[PhysX] Initialized MultithreadedTaskDispatcher with 6 workers.
 -> (artifact id: '6a176db08c4242de27cc2b439646cd45') in 0.0153225 seconds
Number of updated asset objects reloaded before import = 0Number of asset objects unloaded after import = 3

========================================================================
Received Import Request.
  Time since last request: 0.000018 seconds.
  path: Assets/Graphics/FreePixelFood/FreePixelFood/Assets/FreePixelFood/Sprite/Food/Cookie.png
  artifactKey: Guid(ecfc905a2597f014695bcc25207a2010) Importer(815301076,1909f56bfc062723c751e8b465ee728b)
Start importing Assets/Graphics/FreePixelFood/FreePixelFood/Assets/FreePixelFood/Sprite/Food/Cookie.png using Guid(ecfc905a2597f014695bcc25207a2010) Importer(815301076,1909f56bfc062723c751e8b465ee728b) (PreviewImporter)[PhysX] Initialized MultithreadedTaskDispatcher with 6 workers.
[PhysX] Initialized MultithreadedTaskDispatcher with 6 workers.
 -> (artifact id: '5918441d2ea724946f22600e575a97c1') in 0.0140467 seconds
Number of updated asset objects reloaded before import = 0Number of asset objects unloaded after import = 3

========================================================================
Received Import Request.
  Time since last request: 0.752090 seconds.
  path: Assets/Graphics/dinoCharactersVersion1.1/sheets/DinoSprites - vita.png
  artifactKey: Guid(858e285a2e8208745944ee9ff6b5c85b) Importer(815301076,1909f56bfc062723c751e8b465ee728b)
Start importing Assets/Graphics/dinoCharactersVersion1.1/sheets/DinoSprites - vita.png using Guid(858e285a2e8208745944ee9ff6b5c85b) Importer(815301076,1909f56bfc062723c751e8b465ee728b) (PreviewImporter)[PhysX] Initialized MultithreadedTaskDispatcher with 6 workers.
[PhysX] Initialized MultithreadedTaskDispatcher with 6 workers.
 -> (artifact id: '151c0703303498041a1028e6411e4313') in 0.0536937 seconds
Number of updated asset objects reloaded before import = 0Number of asset objects unloaded after import = 26

========================================================================
Received Import Request.
  Time since last request: 0.155430 seconds.
  path: Assets/Graphics/dinoCharactersVersion1.1/aseprite/DinoSprites.ase
  artifactKey: Guid(5da03317fbcfafd43a05485a38d266fc) Importer(815301076,1909f56bfc062723c751e8b465ee728b)
Start importing Assets/Graphics/dinoCharactersVersion1.1/aseprite/DinoSprites.ase using Guid(5da03317fbcfafd43a05485a38d266fc) Importer(815301076,1909f56bfc062723c751e8b465ee728b) (PreviewImporter)[PhysX] Initialized MultithreadedTaskDispatcher with 6 workers.
[PhysX] Initialized MultithreadedTaskDispatcher with 6 workers.
[PhysX] Initialized MultithreadedTaskDispatcher with 6 workers.
 -> (artifact id: '62ef2aa8d36d565a7f67562b50467967') in 0.0698136 seconds
Number of updated asset objects reloaded before import = 0Number of asset objects unloaded after import = 45

========================================================================
Received Import Request.
  Time since last request: 0.000027 seconds.
  path: Assets/Graphics/FreePixelFood/FreePixelFood/Assets/FreePixelFood/Sprite/Food/MelonHoneydew.png
  artifactKey: Guid(3d9dbc9e2913dff4abde07ca36a33066) Importer(815301076,1909f56bfc062723c751e8b465ee728b)
Start importing Assets/Graphics/FreePixelFood/FreePixelFood/Assets/FreePixelFood/Sprite/Food/MelonHoneydew.png using Guid(3d9dbc9e2913dff4abde07ca36a33066) Importer(815301076,1909f56bfc062723c751e8b465ee728b) (PreviewImporter)[PhysX] Initialized MultithreadedTaskDispatcher with 6 workers.
[PhysX] Initialized MultithreadedTaskDispatcher with 6 workers.
 -> (artifact id: '66ad1d21847336e875f53e558580bcd8') in 0.015152 seconds
Number of updated asset objects reloaded before import = 0Number of asset objects unloaded after import = 3

========================================================================
Received Import Request.
  Time since last request: 0.000018 seconds.
  path: Assets/Graphics/FreePixelFood/FreePixelFood/Assets/FreePixelFood/Sprite/Food/MelonCantaloupe.png
  artifactKey: Guid(4dd71f5a6ba179e4a9fa772deb37fe01) Importer(815301076,1909f56bfc062723c751e8b465ee728b)
Start importing Assets/Graphics/FreePixelFood/FreePixelFood/Assets/FreePixelFood/Sprite/Food/MelonCantaloupe.png using Guid(4dd71f5a6ba179e4a9fa772deb37fe01) Importer(815301076,1909f56bfc062723c751e8b465ee728b) (PreviewImporter)[PhysX] Initialized MultithreadedTaskDispatcher with 6 workers.
[PhysX] Initialized MultithreadedTaskDispatcher with 6 workers.
 -> (artifact id: '2d6fca5e254105a4a12b03614b7ebbc2') in 0.0164698 seconds
Number of updated asset objects reloaded before import = 0Number of asset objects unloaded after import = 3

========================================================================
Received Import Request.
  Time since last request: 0.000038 seconds.
  path: Assets/Graphics/FreePixelFood/FreePixelFood/Assets/FreePixelFood/Sprite/Food/Lemon.png
  artifactKey: Guid(62ea3073b49e56940bfa46b63af57760) Importer(815301076,1909f56bfc062723c751e8b465ee728b)
Start importing Assets/Graphics/FreePixelFood/FreePixelFood/Assets/FreePixelFood/Sprite/Food/Lemon.png using Guid(62ea3073b49e56940bfa46b63af57760) Importer(815301076,1909f56bfc062723c751e8b465ee728b) (PreviewImporter)[PhysX] Initialized MultithreadedTaskDispatcher with 6 workers.
[PhysX] Initialized MultithreadedTaskDispatcher with 6 workers.
 -> (artifact id: 'f4b9387cf00cf5346aed5d443796e42d') in 0.018103 seconds
Number of updated asset objects reloaded before import = 0Number of asset objects unloaded after import = 3

========================================================================
Received Import Request.
  Time since last request: 0.000024 seconds.
  path: Assets/Graphics/FreePixelFood/FreePixelFood/Assets/FreePixelFood/Sprite/Food/Eggplant.png
  artifactKey: Guid(b4c9f99162deca84ebc6c689c9df3de9) Importer(815301076,1909f56bfc062723c751e8b465ee728b)
Start importing Assets/Graphics/FreePixelFood/FreePixelFood/Assets/FreePixelFood/Sprite/Food/Eggplant.png using Guid(b4c9f99162deca84ebc6c689c9df3de9) Importer(815301076,1909f56bfc062723c751e8b465ee728b) (PreviewImporter)[PhysX] Initialized MultithreadedTaskDispatcher with 6 workers.
[PhysX] Initialized MultithreadedTaskDispatcher with 6 workers.
 -> (artifact id: 'ae85313b0acd75302420b3560971be8b') in 0.0151964 seconds
Number of updated asset objects reloaded before import = 0Number of asset objects unloaded after import = 3

========================================================================
Received Import Request.
  Time since last request: 0.000021 seconds.
  path: Assets/Graphics/FreePixelFood/FreePixelFood/Assets/FreePixelFood/Sprite/Food/Grubs.png
  artifactKey: Guid(82378645ab8e81540a4d91e623193d96) Importer(815301076,1909f56bfc062723c751e8b465ee728b)
Start importing Assets/Graphics/FreePixelFood/FreePixelFood/Assets/FreePixelFood/Sprite/Food/Grubs.png using Guid(82378645ab8e81540a4d91e623193d96) Importer(815301076,1909f56bfc062723c751e8b465ee728b) (PreviewImporter)[PhysX] Initialized MultithreadedTaskDispatcher with 6 workers.
[PhysX] Initialized MultithreadedTaskDispatcher with 6 workers.
 -> (artifact id: 'f13079c5a061c9856e929c572902264c') in 0.0122024 seconds
Number of updated asset objects reloaded before import = 0Number of asset objects unloaded after import = 3

========================================================================
Received Import Request.
  Time since last request: 0.000024 seconds.
  path: Assets/Graphics/FreePixelFood/FreePixelFood/Assets/FreePixelFood/Sprite/Food/Peach.png
  artifactKey: Guid(ddc2c0b558e42934a8bd79519fe86a29) Importer(815301076,1909f56bfc062723c751e8b465ee728b)
Start importing Assets/Graphics/FreePixelFood/FreePixelFood/Assets/FreePixelFood/Sprite/Food/Peach.png using Guid(ddc2c0b558e42934a8bd79519fe86a29) Importer(815301076,1909f56bfc062723c751e8b465ee728b) (PreviewImporter)[PhysX] Initialized MultithreadedTaskDispatcher with 6 workers.
[PhysX] Initialized MultithreadedTaskDispatcher with 6 workers.
 -> (artifact id: 'bb7bebfa035d89445d85430bd981b499') in 0.0158752 seconds
Number of updated asset objects reloaded before import = 0Number of asset objects unloaded after import = 3

========================================================================
Received Import Request.
  Time since last request: 0.000024 seconds.
  path: Assets/Graphics/FreePixelFood/FreePixelFood/Assets/FreePixelFood/Sprite/Food/MelonWater.png
  artifactKey: Guid(8570c189a28e22145ac611fc417acd64) Importer(815301076,1909f56bfc062723c751e8b465ee728b)
Start importing Assets/Graphics/FreePixelFood/FreePixelFood/Assets/FreePixelFood/Sprite/Food/MelonWater.png using Guid(8570c189a28e22145ac611fc417acd64) Importer(815301076,1909f56bfc062723c751e8b465ee728b) (PreviewImporter)[PhysX] Initialized MultithreadedTaskDispatcher with 6 workers.
[PhysX] Initialized MultithreadedTaskDispatcher with 6 workers.
 -> (artifact id: '8ee3b5f0ec420432aed96025eedd8bb8') in 0.0147236 seconds
Number of updated asset objects reloaded before import = 0Number of asset objects unloaded after import = 3

========================================================================
Received Import Request.
  Time since last request: 0.000020 seconds.
  path: Assets/Graphics/FreePixelFood/FreePixelFood/Assets/FreePixelFood/Sprite/Food/Jam.png
  artifactKey: Guid(878a86235aa94024ebe99557efe97bbb) Importer(815301076,1909f56bfc062723c751e8b465ee728b)
Start importing Assets/Graphics/FreePixelFood/FreePixelFood/Assets/FreePixelFood/Sprite/Food/Jam.png using Guid(878a86235aa94024ebe99557efe97bbb) Importer(815301076,1909f56bfc062723c751e8b465ee728b) (PreviewImporter)[PhysX] Initialized MultithreadedTaskDispatcher with 6 workers.
[PhysX] Initialized MultithreadedTaskDispatcher with 6 workers.
 -> (artifact id: 'a9c94d982f06659991dcbdfcf4c9601a') in 0.0139728 seconds
Number of updated asset objects reloaded before import = 0Number of asset objects unloaded after import = 3

========================================================================
Received Import Request.
  Time since last request: 0.000023 seconds.
  path: Assets/Graphics/FreePixelFood/FreePixelFood/Assets/FreePixelFood/Sprite/Food/FishFillet.png
  artifactKey: Guid(a592e52011d988e46b3a2c82e1ac05ba) Importer(815301076,1909f56bfc062723c751e8b465ee728b)
Start importing Assets/Graphics/FreePixelFood/FreePixelFood/Assets/FreePixelFood/Sprite/Food/FishFillet.png using Guid(a592e52011d988e46b3a2c82e1ac05ba) Importer(815301076,1909f56bfc062723c751e8b465ee728b) (PreviewImporter)[PhysX] Initialized MultithreadedTaskDispatcher with 6 workers.
[PhysX] Initialized MultithreadedTaskDispatcher with 6 workers.
 -> (artifact id: 'bd0ae3425134acda3c7eaacf815b8ae3') in 0.014921 seconds
Number of updated asset objects reloaded before import = 0Number of asset objects unloaded after import = 3

========================================================================
Received Import Request.
  Time since last request: 0.000017 seconds.
  path: Assets/Graphics/FreePixelFood/FreePixelFood/Assets/FreePixelFood/Sprite/Food/Grub.png
  artifactKey: Guid(79696e3e94813d64c82b5e31bb900f81) Importer(815301076,1909f56bfc062723c751e8b465ee728b)
Start importing Assets/Graphics/FreePixelFood/FreePixelFood/Assets/FreePixelFood/Sprite/Food/Grub.png using Guid(79696e3e94813d64c82b5e31bb900f81) Importer(815301076,1909f56bfc062723c751e8b465ee728b) (PreviewImporter)[PhysX] Initialized MultithreadedTaskDispatcher with 6 workers.
[PhysX] Initialized MultithreadedTaskDispatcher with 6 workers.
 -> (artifact id: '62bb3d7f5097a3c228ace3ab0a896faa') in 0.0129585 seconds
Number of updated asset objects reloaded before import = 0Number of asset objects unloaded after import = 3

========================================================================
Received Import Request.
  Time since last request: 0.000149 seconds.
  path: Assets/Graphics/FreePixelFood/FreePixelFood/Assets/FreePixelFood/Sprite/Food/Pickle.png
  artifactKey: Guid(efbc17b8f11b78741a175aed000fee64) Importer(815301076,1909f56bfc062723c751e8b465ee728b)
Start importing Assets/Graphics/FreePixelFood/FreePixelFood/Assets/FreePixelFood/Sprite/Food/Pickle.png using Guid(efbc17b8f11b78741a175aed000fee64) Importer(815301076,1909f56bfc062723c751e8b465ee728b) (PreviewImporter)[PhysX] Initialized MultithreadedTaskDispatcher with 6 workers.
[PhysX] Initialized MultithreadedTaskDispatcher with 6 workers.
 -> (artifact id: '2690eae9296439ed36b373dc90fa1b9c') in 0.0118844 seconds
Number of updated asset objects reloaded before import = 0Number of asset objects unloaded after import = 3

========================================================================
Received Import Request.
  Time since last request: 0.000020 seconds.
  path: Assets/Graphics/dinoCharactersVersion1.1/gifs/DinoSprites_tard.gif
  artifactKey: Guid(54c615e2896822a42906e34250cff249) Importer(815301076,1909f56bfc062723c751e8b465ee728b)
Start importing Assets/Graphics/dinoCharactersVersion1.1/gifs/DinoSprites_tard.gif using Guid(54c615e2896822a42906e34250cff249) Importer(815301076,1909f56bfc062723c751e8b465ee728b) (PreviewImporter)[PhysX] Initialized MultithreadedTaskDispatcher with 6 workers.
[PhysX] Initialized MultithreadedTaskDispatcher with 6 workers.
 -> (artifact id: 'ace085a4831be996ff83f23b23e8810c') in 0.0149128 seconds
Number of updated asset objects reloaded before import = 0Number of asset objects unloaded after import = 3

========================================================================
Received Import Request.
  Time since last request: 0.000023 seconds.
  path: Assets/Graphics/FreePixelFood/FreePixelFood/Assets/FreePixelFood/Sprite/Food/Potato.png
  artifactKey: Guid(7dd21f826a119274bb085376073e5cbd) Importer(815301076,1909f56bfc062723c751e8b465ee728b)
Start importing Assets/Graphics/FreePixelFood/FreePixelFood/Assets/FreePixelFood/Sprite/Food/Potato.png using Guid(7dd21f826a119274bb085376073e5cbd) Importer(815301076,1909f56bfc062723c751e8b465ee728b) (PreviewImporter)[PhysX] Initialized MultithreadedTaskDispatcher with 6 workers.
[PhysX] Initialized MultithreadedTaskDispatcher with 6 workers.
 -> (artifact id: '22dd2b00a89265f334ffb0ed43e81a85') in 0.015213 seconds
Number of updated asset objects reloaded before import = 0Number of asset objects unloaded after import = 3

========================================================================
Received Import Request.
  Time since last request: 0.000029 seconds.
  path: Assets/Graphics/FreePixelFood/FreePixelFood/Assets/FreePixelFood/Sprite/Food/Pepperoni.png
  artifactKey: Guid(dfd48ca86c0710d45ac96a8fb08b8ce3) Importer(815301076,1909f56bfc062723c751e8b465ee728b)
Start importing Assets/Graphics/FreePixelFood/FreePixelFood/Assets/FreePixelFood/Sprite/Food/Pepperoni.png using Guid(dfd48ca86c0710d45ac96a8fb08b8ce3) Importer(815301076,1909f56bfc062723c751e8b465ee728b) (PreviewImporter)[PhysX] Initialized MultithreadedTaskDispatcher with 6 workers.
[PhysX] Initialized MultithreadedTaskDispatcher with 6 workers.
 -> (artifact id: '6b8ab15fb86abdfa6db0cdf8a9061744') in 0.013656 seconds
Number of updated asset objects reloaded before import = 0Number of asset objects unloaded after import = 3

========================================================================
Received Import Request.
  Time since last request: 0.000024 seconds.
  path: Assets/Graphics/FreePixelFood/FreePixelFood/Assets/FreePixelFood/Sprite/Food/Stein.png
  artifactKey: Guid(476e92035edc51449bd19d577ba6eb7a) Importer(815301076,1909f56bfc062723c751e8b465ee728b)
Start importing Assets/Graphics/FreePixelFood/FreePixelFood/Assets/FreePixelFood/Sprite/Food/Stein.png using Guid(476e92035edc51449bd19d577ba6eb7a) Importer(815301076,1909f56bfc062723c751e8b465ee728b) (PreviewImporter)[PhysX] Initialized MultithreadedTaskDispatcher with 6 workers.
[PhysX] Initialized MultithreadedTaskDispatcher with 6 workers.
 -> (artifact id: 'e289b5aac6a428eadc49dc85b1ef1a88') in 0.0162027 seconds
Number of updated asset objects reloaded before import = 0Number of asset objects unloaded after import = 3

========================================================================
Received Import Request.
  Time since last request: 0.000022 seconds.
  path: Assets/Graphics/FreePixelFood/FreePixelFood/Assets/FreePixelFood/Sprite/Food/Sardines.png
  artifactKey: Guid(5bfdfc5f038e34446b5a50dde5817f9a) Importer(815301076,1909f56bfc062723c751e8b465ee728b)
Start importing Assets/Graphics/FreePixelFood/FreePixelFood/Assets/FreePixelFood/Sprite/Food/Sardines.png using Guid(5bfdfc5f038e34446b5a50dde5817f9a) Importer(815301076,1909f56bfc062723c751e8b465ee728b) (PreviewImporter)[PhysX] Initialized MultithreadedTaskDispatcher with 6 workers.
[PhysX] Initialized MultithreadedTaskDispatcher with 6 workers.
 -> (artifact id: '4313491a9af08da918b1376cf54a90b8') in 0.0136729 seconds
Number of updated asset objects reloaded before import = 0Number of asset objects unloaded after import = 3

========================================================================
Received Import Request.
  Time since last request: 0.000020 seconds.
  path: Assets/Graphics/FreePixelFood/FreePixelFood/Assets/FreePixelFood/Sprite/Food/Wine.png
  artifactKey: Guid(ac99105dfc2ca304fbc9c37d3dff35e1) Importer(815301076,1909f56bfc062723c751e8b465ee728b)
Start importing Assets/Graphics/FreePixelFood/FreePixelFood/Assets/FreePixelFood/Sprite/Food/Wine.png using Guid(ac99105dfc2ca304fbc9c37d3dff35e1) Importer(815301076,1909f56bfc062723c751e8b465ee728b) (PreviewImporter)[PhysX] Initialized MultithreadedTaskDispatcher with 6 workers.
[PhysX] Initialized MultithreadedTaskDispatcher with 6 workers.
 -> (artifact id: '322854b37e78a657e37a9e37b438380e') in 0.0130331 seconds
Number of updated asset objects reloaded before import = 0Number of asset objects unloaded after import = 3

========================================================================
Received Import Request.
  Time since last request: 0.000016 seconds.
  path: Assets/Graphics/FreePixelFood/FreePixelFood/Assets/FreePixelFood/Sprite/Food/Turnip.png
  artifactKey: Guid(f59bbc404563db4458cc85e8721c052d) Importer(815301076,1909f56bfc062723c751e8b465ee728b)
Start importing Assets/Graphics/FreePixelFood/FreePixelFood/Assets/FreePixelFood/Sprite/Food/Turnip.png using Guid(f59bbc404563db4458cc85e8721c052d) Importer(815301076,1909f56bfc062723c751e8b465ee728b) (PreviewImporter)[PhysX] Initialized MultithreadedTaskDispatcher with 6 workers.
[PhysX] Initialized MultithreadedTaskDispatcher with 6 workers.
 -> (artifact id: '1cf17a98c69347fbc35990428a8c86ed') in 0.0119539 seconds
Number of updated asset objects reloaded before import = 0Number of asset objects unloaded after import = 3

========================================================================
Received Import Request.
  Time since last request: 0.000034 seconds.
  path: Assets/Graphics/FreePixelFood/FreePixelFood/Assets/FreePixelFood/Sprite/Food/Sashimi.png
  artifactKey: Guid(3e5397942317ff54bba8ac82572581ce) Importer(815301076,1909f56bfc062723c751e8b465ee728b)
Start importing Assets/Graphics/FreePixelFood/FreePixelFood/Assets/FreePixelFood/Sprite/Food/Sashimi.png using Guid(3e5397942317ff54bba8ac82572581ce) Importer(815301076,1909f56bfc062723c751e8b465ee728b) (PreviewImporter)[PhysX] Initialized MultithreadedTaskDispatcher with 6 workers.
[PhysX] Initialized MultithreadedTaskDispatcher with 6 workers.
 -> (artifact id: 'e1ab9b25d4dbd64bae30d0d5ec186db7') in 0.0129006 seconds
Number of updated asset objects reloaded before import = 0Number of asset objects unloaded after import = 3

========================================================================
Received Import Request.
  Time since last request: 0.000018 seconds.
  path: Assets/Graphics/FreePixelFood/FreePixelFood/Assets/FreePixelFood/Sprite/Food/Ribs.png
  artifactKey: Guid(a480ec4b99902534c8e7b392d640d20a) Importer(815301076,1909f56bfc062723c751e8b465ee728b)
Start importing Assets/Graphics/FreePixelFood/FreePixelFood/Assets/FreePixelFood/Sprite/Food/Ribs.png using Guid(a480ec4b99902534c8e7b392d640d20a) Importer(815301076,1909f56bfc062723c751e8b465ee728b) (PreviewImporter)[PhysX] Initialized MultithreadedTaskDispatcher with 6 workers.
[PhysX] Initialized MultithreadedTaskDispatcher with 6 workers.
 -> (artifact id: '4715981abcc27f34ad1b15a745d7eecf') in 0.01231 seconds
Number of updated asset objects reloaded before import = 0Number of asset objects unloaded after import = 3

========================================================================
Received Import Request.
  Time since last request: 0.000025 seconds.
  path: Assets/Graphics/FreePixelFood/FreePixelFood/Assets/FreePixelFood/Sprite/Food/Saki.png
  artifactKey: Guid(d2abe2baa59a0ea4993d1e5f9bf97cd3) Importer(815301076,1909f56bfc062723c751e8b465ee728b)
Start importing Assets/Graphics/FreePixelFood/FreePixelFood/Assets/FreePixelFood/Sprite/Food/Saki.png using Guid(d2abe2baa59a0ea4993d1e5f9bf97cd3) Importer(815301076,1909f56bfc062723c751e8b465ee728b) (PreviewImporter)[PhysX] Initialized MultithreadedTaskDispatcher with 6 workers.
[PhysX] Initialized MultithreadedTaskDispatcher with 6 workers.
 -> (artifact id: 'ff56b732653a0e37662fc69ff96e20d1') in 0.0146096 seconds
Number of updated asset objects reloaded before import = 0Number of asset objects unloaded after import = 3

========================================================================
Received Import Request.
  Time since last request: 0.000024 seconds.
  path: Assets/Graphics/FreePixelFood/FreePixelFood/Assets/FreePixelFood/Sprite/Food/PickledEggs.png
  artifactKey: Guid(9c2c25cdab33c434e959d382d3b79d94) Importer(815301076,1909f56bfc062723c751e8b465ee728b)
Start importing Assets/Graphics/FreePixelFood/FreePixelFood/Assets/FreePixelFood/Sprite/Food/PickledEggs.png using Guid(9c2c25cdab33c434e959d382d3b79d94) Importer(815301076,1909f56bfc062723c751e8b465ee728b) (PreviewImporter)[PhysX] Initialized MultithreadedTaskDispatcher with 6 workers.
[PhysX] Initialized MultithreadedTaskDispatcher with 6 workers.
 -> (artifact id: '0d7aa777f5d791829cc932247b12a289') in 0.0133949 seconds
Number of updated asset objects reloaded before import = 0Number of asset objects unloaded after import = 3

========================================================================
Received Import Request.
  Time since last request: 0.000022 seconds.
  path: Assets/Graphics/dinoCharactersVersion1.1/misc/shadow_2.png
  artifactKey: Guid(09cbb34f92345384eb5d3cca8a7cfd13) Importer(815301076,1909f56bfc062723c751e8b465ee728b)
Start importing Assets/Graphics/dinoCharactersVersion1.1/misc/shadow_2.png using Guid(09cbb34f92345384eb5d3cca8a7cfd13) Importer(815301076,1909f56bfc062723c751e8b465ee728b) (PreviewImporter)[PhysX] Initialized MultithreadedTaskDispatcher with 6 workers.
[PhysX] Initialized MultithreadedTaskDispatcher with 6 workers.
 -> (artifact id: 'b71ad82a815682b90568028f546e1a97') in 0.0148938 seconds
Number of updated asset objects reloaded before import = 0Number of asset objects unloaded after import = 3

========================================================================
Received Import Request.
  Time since last request: 0.000019 seconds.
  path: Assets/Graphics/FreePixelFood/FreePixelFood/Assets/FreePixelFood/Sprite/Food/PiePumpkin.png
  artifactKey: Guid(489912c6941fa9b48bf20fb07eb6d7a5) Importer(815301076,1909f56bfc062723c751e8b465ee728b)
Start importing Assets/Graphics/FreePixelFood/FreePixelFood/Assets/FreePixelFood/Sprite/Food/PiePumpkin.png using Guid(489912c6941fa9b48bf20fb07eb6d7a5) Importer(815301076,1909f56bfc062723c751e8b465ee728b) (PreviewImporter)[PhysX] Initialized MultithreadedTaskDispatcher with 6 workers.
[PhysX] Initialized MultithreadedTaskDispatcher with 6 workers.
 -> (artifact id: 'cf632cfbb0d69f8834ff9af501652a09') in 0.0151236 seconds
Number of updated asset objects reloaded before import = 0Number of asset objects unloaded after import = 3

========================================================================
Received Import Request.
  Time since last request: 0.000026 seconds.
  path: Assets/Graphics/FreePixelFood/FreePixelFood/Assets/FreePixelFood/Sprite/Food/Honeycomb.png
  artifactKey: Guid(ae8fa6f189cd9b144bcdcc2beda30c3f) Importer(815301076,1909f56bfc062723c751e8b465ee728b)
Start importing Assets/Graphics/FreePixelFood/FreePixelFood/Assets/FreePixelFood/Sprite/Food/Honeycomb.png using Guid(ae8fa6f189cd9b144bcdcc2beda30c3f) Importer(815301076,1909f56bfc062723c751e8b465ee728b) (PreviewImporter)[PhysX] Initialized MultithreadedTaskDispatcher with 6 workers.
[PhysX] Initialized MultithreadedTaskDispatcher with 6 workers.
 -> (artifact id: '3a250768196ee7dfc3a07d43d33a2c19') in 0.0123061 seconds
Number of updated asset objects reloaded before import = 0Number of asset objects unloaded after import = 3

========================================================================
Received Import Request.
  Time since last request: 0.000022 seconds.
  path: Assets/Graphics/FreePixelFood/FreePixelFood/Assets/FreePixelFood/Sprite/Food/Steak.png
  artifactKey: Guid(2d32f96b28dc0d9479129a87f6fcc318) Importer(815301076,1909f56bfc062723c751e8b465ee728b)
Start importing Assets/Graphics/FreePixelFood/FreePixelFood/Assets/FreePixelFood/Sprite/Food/Steak.png using Guid(2d32f96b28dc0d9479129a87f6fcc318) Importer(815301076,1909f56bfc062723c751e8b465ee728b) (PreviewImporter)[PhysX] Initialized MultithreadedTaskDispatcher with 6 workers.
[PhysX] Initialized MultithreadedTaskDispatcher with 6 workers.
 -> (artifact id: '535f0f92e163aedb4c9fae099b3d8001') in 0.0123878 seconds
Number of updated asset objects reloaded before import = 0Number of asset objects unloaded after import = 3

========================================================================
Received Import Request.
  Time since last request: 89.000421 seconds.
  path: Assets/Graphics/dinoCharactersVersion1.1
  artifactKey: Guid(5564a08b6f056fa4d8d6e81d85024452) Importer(815301076,1909f56bfc062723c751e8b465ee728b)
Start importing Assets/Graphics/dinoCharactersVersion1.1 using Guid(5564a08b6f056fa4d8d6e81d85024452) Importer(815301076,1909f56bfc062723c751e8b465ee728b) (PreviewImporter)[PhysX] Initialized MultithreadedTaskDispatcher with 6 workers.
 -> (artifact id: '7ffd28ff64983258faaf97dcb14a6516') in 0.0007024 seconds
Number of updated asset objects reloaded before import = 0Number of asset objects unloaded after import = 0

========================================================================
Received Import Request.
  Time since last request: 1.629650 seconds.
  path: Assets/Graphics/dinoCharactersVersion1.1/gifs
  artifactKey: Guid(64ff6c68112672041b47d967cd7f99b6) Importer(815301076,1909f56bfc062723c751e8b465ee728b)
Start importing Assets/Graphics/dinoCharactersVersion1.1/gifs using Guid(64ff6c68112672041b47d967cd7f99b6) Importer(815301076,1909f56bfc062723c751e8b465ee728b) (PreviewImporter)[PhysX] Initialized MultithreadedTaskDispatcher with 6 workers.
 -> (artifact id: '4a35d37359b3219b31ddcb69c6226744') in 0.0005758 seconds
Number of updated asset objects reloaded before import = 0Number of asset objects unloaded after import = 0

========================================================================
Received Import Request.
  Time since last request: 5.086767 seconds.
  path: Assets/Graphics/dinoCharactersVersion1.1/sheets
  artifactKey: Guid(de39aae04f1d22d4b9a2dccf6b77e8d4) Importer(815301076,1909f56bfc062723c751e8b465ee728b)
Start importing Assets/Graphics/dinoCharactersVersion1.1/sheets using Guid(de39aae04f1d22d4b9a2dccf6b77e8d4) Importer(815301076,1909f56bfc062723c751e8b465ee728b) (PreviewImporter)[PhysX] Initialized MultithreadedTaskDispatcher with 6 workers.
 -> (artifact id: 'f193a292a48a1c6c5f742209e4fa141d') in 0.0005914 seconds
Number of updated asset objects reloaded before import = 0Number of asset objects unloaded after import = 0

========================================================================
Received Import Request.
  Time since last request: 149.128641 seconds.
  path: Assets/Graphics/Free Platform Game Assets
  artifactKey: Guid(f6bff195da0c48742a64ae93c12e2ec7) Importer(815301076,1909f56bfc062723c751e8b465ee728b)
Start importing Assets/Graphics/Free Platform Game Assets using Guid(f6bff195da0c48742a64ae93c12e2ec7) Importer(815301076,1909f56bfc062723c751e8b465ee728b) (PreviewImporter)[PhysX] Initialized MultithreadedTaskDispatcher with 6 workers.
 -> (artifact id: '1be99d84557549af7819a3fd5d5c6252') in 0.000574 seconds
Number of updated asset objects reloaded before import = 0Number of asset objects unloaded after import = 0

========================================================================
Received Import Request.
  Time since last request: 1.666669 seconds.
  path: Assets/Graphics/Free Platform Game Assets/Platform Game Assets
  artifactKey: Guid(830140344bae47f42b02a72760e74283) Importer(815301076,1909f56bfc062723c751e8b465ee728b)
Start importing Assets/Graphics/Free Platform Game Assets/Platform Game Assets using Guid(830140344bae47f42b02a72760e74283) Importer(815301076,1909f56bfc062723c751e8b465ee728b) (PreviewImporter)[PhysX] Initialized MultithreadedTaskDispatcher with 6 workers.
 -> (artifact id: '6576a9668dc1d19a17f0683dfea28b06') in 0.0005328 seconds
Number of updated asset objects reloaded before import = 0Number of asset objects unloaded after import = 0

========================================================================
Received Import Request.
  Time since last request: 0.505413 seconds.
  path: Assets/Graphics/Free Platform Game Assets/Platform Game Assets/Background
  artifactKey: Guid(3b136146c75da994cb68f756df7e7a83) Importer(815301076,1909f56bfc062723c751e8b465ee728b)
Start importing Assets/Graphics/Free Platform Game Assets/Platform Game Assets/Background using Guid(3b136146c75da994cb68f756df7e7a83) Importer(815301076,1909f56bfc062723c751e8b465ee728b) (PreviewImporter)[PhysX] Initialized MultithreadedTaskDispatcher with 6 workers.
 -> (artifact id: '7c94fb283f21dd663adbd385eeb882b2') in 0.0006142 seconds
Number of updated asset objects reloaded before import = 0Number of asset objects unloaded after import = 0

========================================================================
Received Import Request.
  Time since last request: 1.280453 seconds.
  path: Assets/Graphics/Free Platform Game Assets/Platform Game Assets/Background/ai
  artifactKey: Guid(1fd7021fa0d460b46964269a50e02e5c) Importer(815301076,1909f56bfc062723c751e8b465ee728b)
Start importing Assets/Graphics/Free Platform Game Assets/Platform Game Assets/Background/ai using Guid(1fd7021fa0d460b46964269a50e02e5c) Importer(815301076,1909f56bfc062723c751e8b465ee728b) (PreviewImporter)[PhysX] Initialized MultithreadedTaskDispatcher with 6 workers.
 -> (artifact id: '57eeeddbf58dd09aac2a84f998e307d7') in 0.0005716 seconds
Number of updated asset objects reloaded before import = 0Number of asset objects unloaded after import = 0

========================================================================
Received Import Request.
  Time since last request: 1.825362 seconds.
  path: Assets/Graphics/Free Platform Game Assets/Platform Game Assets/Background/png
  artifactKey: Guid(429cc2a1ecf065747b97d5c2dc252234) Importer(815301076,1909f56bfc062723c751e8b465ee728b)
Start importing Assets/Graphics/Free Platform Game Assets/Platform Game Assets/Background/png using Guid(429cc2a1ecf065747b97d5c2dc252234) Importer(815301076,1909f56bfc062723c751e8b465ee728b) (PreviewImporter)[PhysX] Initialized MultithreadedTaskDispatcher with 6 workers.
 -> (artifact id: 'e1cd239628d56bad8ed39c484230fc91') in 0.0005482 seconds
Number of updated asset objects reloaded before import = 0Number of asset objects unloaded after import = 0

========================================================================
Received Import Request.
  Time since last request: 1.451764 seconds.
  path: Assets/Graphics/Free Platform Game Assets/Platform Game Assets/Background/png/1920x1080
  artifactKey: Guid(2b669f3bc518d2a4fada698888a4971d) Importer(815301076,1909f56bfc062723c751e8b465ee728b)
Start importing Assets/Graphics/Free Platform Game Assets/Platform Game Assets/Background/png/1920x1080 using Guid(2b669f3bc518d2a4fada698888a4971d) Importer(815301076,1909f56bfc062723c751e8b465ee728b) (PreviewImporter)[PhysX] Initialized MultithreadedTaskDispatcher with 6 workers.
 -> (artifact id: '185e69686deb90a7135c518ce8083650') in 0.0008958 seconds
Number of updated asset objects reloaded before import = 0Number of asset objects unloaded after import = 0

========================================================================
Received Import Request.
  Time since last request: 1.343314 seconds.
  path: Assets/Graphics/Free Platform Game Assets/Platform Game Assets/Background/png/1920x1080/Background
  artifactKey: Guid(ecd6074454438d744a1989a5be23a3a2) Importer(815301076,1909f56bfc062723c751e8b465ee728b)
Start importing Assets/Graphics/Free Platform Game Assets/Platform Game Assets/Background/png/1920x1080/Background using Guid(ecd6074454438d744a1989a5be23a3a2) Importer(815301076,1909f56bfc062723c751e8b465ee728b) (PreviewImporter)[PhysX] Initialized MultithreadedTaskDispatcher with 6 workers.
 -> (artifact id: '9be83d082aca47eca5a26d6b016a8889') in 0.0007247 seconds
Number of updated asset objects reloaded before import = 0Number of asset objects unloaded after import = 0

========================================================================
Received Import Request.
  Time since last request: 1.015069 seconds.
  path: Assets/Graphics/Free Platform Game Assets/Platform Game Assets/Background/png/1920x1080/Background/Background.png
  artifactKey: Guid(7297ccac7f3f2e84cbb781c64b996d11) Importer(815301076,1909f56bfc062723c751e8b465ee728b)
Start importing Assets/Graphics/Free Platform Game Assets/Platform Game Assets/Background/png/1920x1080/Background/Background.png using Guid(7297ccac7f3f2e84cbb781c64b996d11) Importer(815301076,1909f56bfc062723c751e8b465ee728b) (PreviewImporter)[PhysX] Initialized MultithreadedTaskDispatcher with 6 workers.
[PhysX] Initialized MultithreadedTaskDispatcher with 6 workers.
 -> (artifact id: '9f7c3da7219b33ae8b6575f43ae08972') in 0.0190008 seconds
Number of updated asset objects reloaded before import = 0Number of asset objects unloaded after import = 3

========================================================================
Received Import Request.
  Time since last request: 11.420085 seconds.
  path: Assets/Graphics/Free Platform Game Assets/Platform Game Assets/Background/png/1920x1080/All
  artifactKey: Guid(1b5396ec4c61e424ea6bae48a701afd3) Importer(815301076,1909f56bfc062723c751e8b465ee728b)
Start importing Assets/Graphics/Free Platform Game Assets/Platform Game Assets/Background/png/1920x1080/All using Guid(1b5396ec4c61e424ea6bae48a701afd3) Importer(815301076,1909f56bfc062723c751e8b465ee728b) (PreviewImporter)[PhysX] Initialized MultithreadedTaskDispatcher with 6 workers.
 -> (artifact id: '564c664a8603badfc2e1cfd1d512926d') in 0.0006826 seconds
Number of updated asset objects reloaded before import = 0Number of asset objects unloaded after import = 0

========================================================================
Received Import Request.
  Time since last request: 0.076004 seconds.
  path: Assets/Graphics/Free Platform Game Assets/Platform Game Assets/Background/png/1920x1080/All/Hills_1.png
  artifactKey: Guid(b13f6db994a210f4e8899ecedac1668f) Importer(815301076,1909f56bfc062723c751e8b465ee728b)
Start importing Assets/Graphics/Free Platform Game Assets/Platform Game Assets/Background/png/1920x1080/All/Hills_1.png using Guid(b13f6db994a210f4e8899ecedac1668f) Importer(815301076,1909f56bfc062723c751e8b465ee728b) (PreviewImporter)[PhysX] Initialized MultithreadedTaskDispatcher with 6 workers.
[PhysX] Initialized MultithreadedTaskDispatcher with 6 workers.
 -> (artifact id: 'c768444a5ba4be22e88666bfe3590cd5') in 0.0196182 seconds
Number of updated asset objects reloaded before import = 0Number of asset objects unloaded after import = 3

========================================================================
Received Import Request.
  Time since last request: 0.000021 seconds.
  path: Assets/Graphics/Free Platform Game Assets/Platform Game Assets/Background/png/1920x1080/All/Mountain_3.png
  artifactKey: Guid(f87596c3e7fe3034db3e9787cce2dc02) Importer(815301076,1909f56bfc062723c751e8b465ee728b)
Start importing Assets/Graphics/Free Platform Game Assets/Platform Game Assets/Background/png/1920x1080/All/Mountain_3.png using Guid(f87596c3e7fe3034db3e9787cce2dc02) Importer(815301076,1909f56bfc062723c751e8b465ee728b) (PreviewImporter)[PhysX] Initialized MultithreadedTaskDispatcher with 6 workers.
[PhysX] Initialized MultithreadedTaskDispatcher with 6 workers.
 -> (artifact id: 'ad29fbc41984759fcd25c29a00f36902') in 0.0189261 seconds
Number of updated asset objects reloaded before import = 0Number of asset objects unloaded after import = 3

========================================================================
Received Import Request.
  Time since last request: 0.000019 seconds.
  path: Assets/Graphics/Free Platform Game Assets/Platform Game Assets/Background/png/1920x1080/All/Mountain_4.png
  artifactKey: Guid(74cd403bb4cfbf34bb4a046e297eb70f) Importer(815301076,1909f56bfc062723c751e8b465ee728b)
Start importing Assets/Graphics/Free Platform Game Assets/Platform Game Assets/Background/png/1920x1080/All/Mountain_4.png using Guid(74cd403bb4cfbf34bb4a046e297eb70f) Importer(815301076,1909f56bfc062723c751e8b465ee728b) (PreviewImporter)[PhysX] Initialized MultithreadedTaskDispatcher with 6 workers.
[PhysX] Initialized MultithreadedTaskDispatcher with 6 workers.
 -> (artifact id: '1ce21fc62cb41af3224b6a5a17d75438') in 0.0203651 seconds
Number of updated asset objects reloaded before import = 0Number of asset objects unloaded after import = 3

========================================================================
Received Import Request.
  Time since last request: 0.000029 seconds.
  path: Assets/Graphics/Free Platform Game Assets/Platform Game Assets/Background/png/1920x1080/All/Mountain_1.png
  artifactKey: Guid(4937683747a68b74bb0803dacb7f4457) Importer(815301076,1909f56bfc062723c751e8b465ee728b)
Start importing Assets/Graphics/Free Platform Game Assets/Platform Game Assets/Background/png/1920x1080/All/Mountain_1.png using Guid(4937683747a68b74bb0803dacb7f4457) Importer(815301076,1909f56bfc062723c751e8b465ee728b) (PreviewImporter)[PhysX] Initialized MultithreadedTaskDispatcher with 6 workers.
[PhysX] Initialized MultithreadedTaskDispatcher with 6 workers.
 -> (artifact id: '2124e6eb715b8d8386c47922becdc14b') in 0.0193397 seconds
Number of updated asset objects reloaded before import = 0Number of asset objects unloaded after import = 3

========================================================================
Received Import Request.
  Time since last request: 0.000027 seconds.
  path: Assets/Graphics/Free Platform Game Assets/Platform Game Assets/Background/png/1920x1080/All/Sky.png
  artifactKey: Guid(df1634ca948a96c49a0a1cc58d4b77f7) Importer(815301076,1909f56bfc062723c751e8b465ee728b)
Start importing Assets/Graphics/Free Platform Game Assets/Platform Game Assets/Background/png/1920x1080/All/Sky.png using Guid(df1634ca948a96c49a0a1cc58d4b77f7) Importer(815301076,1909f56bfc062723c751e8b465ee728b) (PreviewImporter)[PhysX] Initialized MultithreadedTaskDispatcher with 6 workers.
[PhysX] Initialized MultithreadedTaskDispatcher with 6 workers.
 -> (artifact id: '5fb74e4b65f8a64ae990726f17192225') in 0.0157065 seconds
Number of updated asset objects reloaded before import = 0Number of asset objects unloaded after import = 3

========================================================================
Received Import Request.
  Time since last request: 0.000023 seconds.
  path: Assets/Graphics/Free Platform Game Assets/Platform Game Assets/Background/png/1920x1080/All/Mountain_2.png
  artifactKey: Guid(0873058cd4e217147a8fdc66b8c5a53c) Importer(815301076,1909f56bfc062723c751e8b465ee728b)
Start importing Assets/Graphics/Free Platform Game Assets/Platform Game Assets/Background/png/1920x1080/All/Mountain_2.png using Guid(0873058cd4e217147a8fdc66b8c5a53c) Importer(815301076,1909f56bfc062723c751e8b465ee728b) (PreviewImporter)[PhysX] Initialized MultithreadedTaskDispatcher with 6 workers.
[PhysX] Initialized MultithreadedTaskDispatcher with 6 workers.
 -> (artifact id: '07159d182d550a42f81b591712672c98') in 0.0175036 seconds
Number of updated asset objects reloaded before import = 0Number of asset objects unloaded after import = 3

========================================================================
Received Import Request.
  Time since last request: 11.528572 seconds.
  path: Assets/Graphics/Free Platform Game Assets/Platform Game Assets/Environment/png/All/4x/Asset 2.png
  artifactKey: Guid(bdcdf4f4e55a92440b9f76ac4c21b44a) Importer(815301076,1909f56bfc062723c751e8b465ee728b)
Start importing Assets/Graphics/Free Platform Game Assets/Platform Game Assets/Environment/png/All/4x/Asset 2.png using Guid(bdcdf4f4e55a92440b9f76ac4c21b44a) Importer(815301076,1909f56bfc062723c751e8b465ee728b) (PreviewImporter)[PhysX] Initialized MultithreadedTaskDispatcher with 6 workers.
[PhysX] Initialized MultithreadedTaskDispatcher with 6 workers.
 -> (artifact id: 'd86d141514c795c0bc6d98fe5a58235b') in 0.0182223 seconds
Number of updated asset objects reloaded before import = 0Number of asset objects unloaded after import = 3

========================================================================
Received Import Request.
  Time since last request: 0.000025 seconds.
  path: Assets/Graphics/Free Platform Game Assets/Platform Game Assets/Environment/png/All/4x/Asset 5.png
  artifactKey: Guid(432dfa65046ad22429f277ada37a179c) Importer(815301076,1909f56bfc062723c751e8b465ee728b)
Start importing Assets/Graphics/Free Platform Game Assets/Platform Game Assets/Environment/png/All/4x/Asset 5.png using Guid(432dfa65046ad22429f277ada37a179c) Importer(815301076,1909f56bfc062723c751e8b465ee728b) (PreviewImporter)[PhysX] Initialized MultithreadedTaskDispatcher with 6 workers.
[PhysX] Initialized MultithreadedTaskDispatcher with 6 workers.
 -> (artifact id: 'e7f17ece34f37b5e1f80721279c76a2e') in 0.0159726 seconds
Number of updated asset objects reloaded before import = 0Number of asset objects unloaded after import = 3

========================================================================
Received Import Request.
  Time since last request: 0.000024 seconds.
  path: Assets/Graphics/Free Platform Game Assets/Platform Game Assets/Environment/png/All/4x/Asset 9.png
  artifactKey: Guid(9edeab6f6bfe69d478bb36bce3d909c2) Importer(815301076,1909f56bfc062723c751e8b465ee728b)
Start importing Assets/Graphics/Free Platform Game Assets/Platform Game Assets/Environment/png/All/4x/Asset 9.png using Guid(9edeab6f6bfe69d478bb36bce3d909c2) Importer(815301076,1909f56bfc062723c751e8b465ee728b) (PreviewImporter)[PhysX] Initialized MultithreadedTaskDispatcher with 6 workers.
[PhysX] Initialized MultithreadedTaskDispatcher with 6 workers.
 -> (artifact id: 'a5724abac62d648ab556a676ea2df99a') in 0.0318354 seconds
Number of updated asset objects reloaded before import = 0Number of asset objects unloaded after import = 8

========================================================================
Received Import Request.
  Time since last request: 0.000027 seconds.
  path: Assets/Graphics/Free Platform Game Assets/Platform Game Assets/Environment/png/All/4x/Asset 15.png
  artifactKey: Guid(f88eb1e82f5a6cc42bfe25b94dc05c65) Importer(815301076,1909f56bfc062723c751e8b465ee728b)
Start importing Assets/Graphics/Free Platform Game Assets/Platform Game Assets/Environment/png/All/4x/Asset 15.png using Guid(f88eb1e82f5a6cc42bfe25b94dc05c65) Importer(815301076,1909f56bfc062723c751e8b465ee728b) (PreviewImporter)[PhysX] Initialized MultithreadedTaskDispatcher with 6 workers.
[PhysX] Initialized MultithreadedTaskDispatcher with 6 workers.
 -> (artifact id: '909e6cde252b1b949270e6addf94f646') in 0.0230535 seconds
Number of updated asset objects reloaded before import = 0Number of asset objects unloaded after import = 5

========================================================================
Received Import Request.
  Time since last request: 0.000028 seconds.
  path: Assets/Graphics/Free Platform Game Assets/Platform Game Assets/Environment/png/All/4x/Asset 10.png
  artifactKey: Guid(18f4026d0f786cc47b032d7ea7b4be5c) Importer(815301076,1909f56bfc062723c751e8b465ee728b)
Start importing Assets/Graphics/Free Platform Game Assets/Platform Game Assets/Environment/png/All/4x/Asset 10.png using Guid(18f4026d0f786cc47b032d7ea7b4be5c) Importer(815301076,1909f56bfc062723c751e8b465ee728b) (PreviewImporter)[PhysX] Initialized MultithreadedTaskDispatcher with 6 workers.
[PhysX] Initialized MultithreadedTaskDispatcher with 6 workers.
 -> (artifact id: 'ce090be54e12ad99aad233290e74aec4') in 0.0205592 seconds
Number of updated asset objects reloaded before import = 0Number of asset objects unloaded after import = 3

Editor requested this worker to shutdown with reason: Scaling down because of idle timeout
AssetImportWorker is now disconnected from the server
Process exiting
Exiting without the bug reporter. Application will terminate with return code 0