Using pre-set license
Built from 'trunk' branch; Version is '6000.0.9f1 (1490908003ac) revision 1347728'; Using compiler version '193933523'; Build Type 'Release'
OS: 'Windows 11  (10.0.22631) 64bit Core' Language: 'en' Physical Memory: 16310 MB
BatchMode: 1, IsHumanControllingUs: 0, StartBugReporterOnCrash: 0, Is64bit: 1, IsPro: 1

COMMAND LINE ARGUMENTS:
C:\Program Files\Unity\Hub\Editor\6000.0.9f1\Editor\Unity.exe
-adb2
-batchMode
-noUpm
-name
AssetImportWorker3
-projectPath
C:/Users/oguzh/OneDrive/Masaüstü/Dinoful
-logFile
Logs/AssetImportWorker3.log
-srvPort
54384
-job-worker-count
5
-background-job-worker-count
8
-asset-garbage-collectors
1
Successfully changed project path to: C:/Users/oguzh/OneDrive/Masaüstü/Dinoful
C:/Users/oguzh/OneDrive/Masaüstü/Dinoful
[UnityMemory] Configuration Parameters - Can be set up in boot.config
    "memorysetup-bucket-allocator-granularity=16"
    "memorysetup-bucket-allocator-bucket-count=8"
    "memorysetup-bucket-allocator-block-size=33554432"
    "memorysetup-bucket-allocator-block-count=8"
    "memorysetup-main-allocator-block-size=16777216"
    "memorysetup-thread-allocator-block-size=16777216"
    "memorysetup-gfx-main-allocator-block-size=16777216"
    "memorysetup-gfx-thread-allocator-block-size=16777216"
    "memorysetup-cache-allocator-block-size=4194304"
    "memorysetup-typetree-allocator-block-size=2097152"
    "memorysetup-profiler-bucket-allocator-granularity=16"
    "memorysetup-profiler-bucket-allocator-bucket-count=8"
    "memorysetup-profiler-bucket-allocator-block-size=33554432"
    "memorysetup-profiler-bucket-allocator-block-count=8"
    "memorysetup-profiler-allocator-block-size=16777216"
    "memorysetup-profiler-editor-allocator-block-size=1048576"
    "memorysetup-temp-allocator-size-main=16777216"
    "memorysetup-job-temp-allocator-block-size=2097152"
    "memorysetup-job-temp-allocator-block-size-background=1048576"
    "memorysetup-job-temp-allocator-reduction-small-platforms=262144"
    "memorysetup-allocator-temp-initial-block-size-main=262144"
    "memorysetup-allocator-temp-initial-block-size-worker=262144"
    "memorysetup-temp-allocator-size-background-worker=32768"
    "memorysetup-temp-allocator-size-job-worker=262144"
    "memorysetup-temp-allocator-size-preload-manager=33554432"
    "memorysetup-temp-allocator-size-nav-mesh-worker=65536"
    "memorysetup-temp-allocator-size-audio-worker=65536"
    "memorysetup-temp-allocator-size-cloud-worker=32768"
    "memorysetup-temp-allocator-size-gi-baking-worker=262144"
    "memorysetup-temp-allocator-size-gi-baking-worker=262144"
    "memorysetup-temp-allocator-size-gi-baking-worker=262144"
    "memorysetup-temp-allocator-size-gi-baking-worker=262144"
    "memorysetup-temp-allocator-size-gi-baking-worker=262144"
    "memorysetup-temp-allocator-size-gfx=262144"
Player connection [9652]  Target information:

Player connection [9652]  * "[IP] 192.168.1.61 [Port] 0 [Flags] 2 [Guid] 1877186717 [EditorId] 1877186717 [Version] 1048832 [Id] WindowsEditor(7,DESKTOP-O14C83C) [Debug] 1 [PackageName] WindowsEditor [ProjectName] Editor" 

Player connection [9652]  * "[IP] 169.254.59.32 [Port] 0 [Flags] 2 [Guid] 1877186717 [EditorId] 1877186717 [Version] 1048832 [Id] WindowsEditor(7,DESKTOP-O14C83C) [Debug] 1 [PackageName] WindowsEditor [ProjectName] Editor" 

Player connection [9652]  * "[IP] 192.168.1.20 [Port] 0 [Flags] 2 [Guid] 1877186717 [EditorId] 1877186717 [Version] 1048832 [Id] WindowsEditor(7,DESKTOP-O14C83C) [Debug] 1 [PackageName] WindowsEditor [ProjectName] Editor" 

Player connection [9652] Host joined multi-casting on [225.0.0.222:54997]...
Player connection [9652] Host joined alternative multi-casting on [225.0.0.222:34997]...
JobSystem: Creating JobQueue using job-worker-count value 5
Library Redirect Path: Library/
[PhysX] Initialized MultithreadedTaskDispatcher with 6 workers.
Refreshing native plugins compatible for Editor in 7.25 ms, found 4 plugins.
Preloading 0 native plugins for Editor in 0.00 ms.
Initialize engine version: 6000.0.9f1 (1490908003ac)
[Subsystems] Discovering subsystems at path C:/Program Files/Unity/Hub/Editor/6000.0.9f1/Editor/Data/Resources/UnitySubsystems
[Subsystems] Discovering subsystems at path C:/Users/oguzh/OneDrive/Masaüstü/Dinoful/Assets
GfxDevice: creating device client; kGfxThreadingModeNonThreaded
Direct3D:
    Version:  Direct3D 11.0 [level 11.1]
    Renderer: NVIDIA GeForce RTX 3060 Ti (ID=0x2486)
    Vendor:   NVIDIA
    VRAM:     8024 MB
    Driver:   32.0.15.6070
Initialize mono
Mono path[0] = 'C:/Program Files/Unity/Hub/Editor/6000.0.9f1/Editor/Data/Managed'
Mono path[1] = 'C:/Program Files/Unity/Hub/Editor/6000.0.9f1/Editor/Data/MonoBleedingEdge/lib/mono/unityjit-win32'
Mono config path = 'C:/Program Files/Unity/Hub/Editor/6000.0.9f1/Editor/Data/MonoBleedingEdge/etc'
Using monoOptions --debugger-agent=transport=dt_socket,embedding=1,server=y,suspend=n,address=127.0.0.1:56104
Begin MonoManager ReloadAssembly
Registering precompiled unity dll's ...
Register platform support module: C:/Program Files/Unity/Hub/Editor/6000.0.9f1/Editor/Data/PlaybackEngines/WindowsStandaloneSupport/UnityEditor.WindowsStandalone.Extensions.dll
Register platform support module: C:/Program Files/Unity/Hub/Editor/6000.0.9f1/Editor/Data/PlaybackEngines/AndroidPlayer/UnityEditor.Android.Extensions.dll
Registered in 0.004506 seconds.
- Loaded All Assemblies, in  0.424 seconds
Native extension for Android target not found
Unauthorized device detected, Id: RFCT70BGJYB, please add debug authorization and reconnect.
0x00007ffe132a5e6d (Unity) StackWalker::ShowCallstack
0x00007ffe132b5dc9 (Unity) PlatformStacktrace::GetStacktrace
0x00007ffe1451823e (Unity) Stacktrace::GetStacktrace
0x00007ffe14abf7ff (Unity) DebugStringToFile
0x00007ffe12366b35 (Unity) DebugLogHandler_CUSTOM_Internal_Log
0x0000016ef863a7ed (Mono JIT Code) (wrapper managed-to-native) UnityEngine.DebugLogHandler:Internal_Log_Injected (UnityEngine.LogType,UnityEngine.LogOption,UnityEngine.Bindings.ManagedSpanWrapper&,intptr)
0x0000016ef863a6b3 (Mono JIT Code) UnityEngine.DebugLogHandler:Internal_Log (UnityEngine.LogType,UnityEngine.LogOption,string,UnityEngine.Object)
0x0000016ef8638a3b (Mono JIT Code) UnityEngine.DebugLogHandler:LogFormat (UnityEngine.LogType,UnityEngine.Object,string,object[])
0x0000016ef8638901 (Mono JIT Code) UnityEngine.Logger:LogFormat (UnityEngine.LogType,string,object[])
0x0000016ef8638633 (Mono JIT Code) UnityEngine.Debug:LogFormat (string,object[])
0x0000016ef83f1c03 (Mono JIT Code) UnityEditor.Android.AndroidDeploymentTargetsExtension:GetKnownTargets (UnityEditor.DeploymentTargets.IDeploymentTargetsMainThreadContext,UnityEditor.ProgressHandler)
0x0000016ef83f011c (Mono JIT Code) UnityEditor.Android.TargetScanWorker:ScanSync ()
0x0000016ef83d9043 (Mono JIT Code) UnityEditor.Android.TargetExtension:OnUsbDevicesChanged (UnityEditor.Hardware.UsbDevice[])
0x0000016ef82af923 (Mono JIT Code) UnityEditor.Android.TargetExtension:OnLoad ()
0x0000016ef6d02e6d (Mono JIT Code) UnityEditor.Modules.ModuleManager:InitializePlatformSupportModules ()
0x0000016ef5cd0085 (Mono JIT Code) (wrapper runtime-invoke) object:runtime_invoke_void (object,intptr,intptr,intptr)
0x00007ffdff98694e (mono-2.0-bdwgc) mono_jit_runtime_invoke (at C:/build/output/Unity-Technologies/mono/mono/mini/mini-runtime.c:3445)
0x00007ffdff8c8444 (mono-2.0-bdwgc) do_runtime_invoke (at C:/build/output/Unity-Technologies/mono/mono/metadata/object.c:3068)
0x00007ffdff8c8530 (mono-2.0-bdwgc) mono_runtime_invoke (at C:/build/output/Unity-Technologies/mono/mono/metadata/object.c:3115)
0x00007ffe131cab94 (Unity) scripting_method_invoke
0x00007ffe131a2d53 (Unity) ScriptingInvocation::Invoke
0x00007ffe1319ded5 (Unity) ScriptingInvocation::Invoke<void>
0x00007ffe1331011b (Unity) Scripting::UnityEditor::Modules::ModuleManagerProxy::InitializePlatformSupportModules
0x00007ffe13199345 (Unity) MonoManager::SetupLoadedEditorAssemblies
0x00007ffe13190cba (Unity) MonoManager::FinalizeReload
0x00007ffe13196d33 (Unity) MonoManager::ReloadAssembly
0x00007ffe143bfa56 (Unity) LoadUnityMonoAssemblies
0x00007ffe13f14fed (Unity) Application::InitializeProject
0x00007ffe14522615 (Unity) UnityMain
0x00007ff603072fba (Unity) __scrt_common_main_seh
0x00007ffec5d8257d (KERNEL32) BaseThreadInitThunk
0x00007ffec786af28 (ntdll) RtlUserThreadStart

Android Extension - Scanning For ADB Devices 512 ms
Native extension for WindowsStandalone target not found
Mono: successfully reloaded assembly
- Finished resetting the current domain, in  0.998 seconds
Domain Reload Profiling: 1420ms
	BeginReloadAssembly (147ms)
		ExecutionOrderSort (0ms)
		DisableScriptedObjects (0ms)
		BackupInstance (0ms)
		ReleaseScriptingObjects (0ms)
		CreateAndSetChildDomain (1ms)
	RebuildCommonClasses (39ms)
	RebuildNativeTypeToScriptingClass (15ms)
	initialDomainReloadingComplete (51ms)
	LoadAllAssembliesAndSetupDomain (170ms)
		LoadAssemblies (144ms)
		RebuildTransferFunctionScriptingTraits (0ms)
		AnalyzeDomain (166ms)
			TypeCache.Refresh (165ms)
				TypeCache.ScanAssembly (151ms)
			BuildScriptInfoCaches (0ms)
			ResolveRequiredComponents (1ms)
	FinalizeReload (999ms)
		ReleaseScriptCaches (0ms)
		RebuildScriptCaches (0ms)
		SetupLoadedEditorAssemblies (953ms)
			LogAssemblyErrors (0ms)
			InitializePlatformSupportModulesInManaged (635ms)
			SetLoadedEditorAssemblies (4ms)
			BeforeProcessingInitializeOnLoad (5ms)
			ProcessInitializeOnLoadAttributes (122ms)
			ProcessInitializeOnLoadMethodAttributes (187ms)
			AfterProcessingInitializeOnLoad (0ms)
			EditorAssembliesLoaded (0ms)
		ExecutionOrderSort2 (0ms)
		AwakeInstancesAfterBackupRestoration (0ms)
========================================================================
Worker process is ready to serve import requests
Import Worker Mode flag is 0x00
Begin MonoManager ReloadAssembly
- Loaded All Assemblies, in  0.999 seconds
Refreshing native plugins compatible for Editor in 4.57 ms, found 4 plugins.
Native extension for Android target not found
Native extension for WindowsStandalone target not found
Mono: successfully reloaded assembly
Package Manager log level set to [2]
[Package Manager] Failed to launch server process. Reason: Unity was launched with the -noUpm command-line argument
[Package Manager] Unable to send message (not connected to server process).
[Package Manager] Cannot connect to Unity Package Manager local server
[Package Manager] Failed to launch server process. Reason: Unity was launched with the -noUpm command-line argument
[Package Manager] Unable to send message (not connected to server process).
[Package Manager] Cannot connect to Unity Package Manager local server
- Finished resetting the current domain, in  0.871 seconds
Domain Reload Profiling: 1864ms
	BeginReloadAssembly (390ms)
		ExecutionOrderSort (0ms)
		DisableScriptedObjects (6ms)
		BackupInstance (0ms)
		ReleaseScriptingObjects (0ms)
		CreateAndSetChildDomain (28ms)
	RebuildCommonClasses (41ms)
	RebuildNativeTypeToScriptingClass (13ms)
	initialDomainReloadingComplete (43ms)
	LoadAllAssembliesAndSetupDomain (505ms)
		LoadAssemblies (359ms)
		RebuildTransferFunctionScriptingTraits (0ms)
		AnalyzeDomain (246ms)
			TypeCache.Refresh (181ms)
				TypeCache.ScanAssembly (165ms)
			BuildScriptInfoCaches (57ms)
			ResolveRequiredComponents (6ms)
	FinalizeReload (871ms)
		ReleaseScriptCaches (0ms)
		RebuildScriptCaches (0ms)
		SetupLoadedEditorAssemblies (645ms)
			LogAssemblyErrors (0ms)
			InitializePlatformSupportModulesInManaged (22ms)
			SetLoadedEditorAssemblies (3ms)
			BeforeProcessingInitializeOnLoad (68ms)
			ProcessInitializeOnLoadAttributes (341ms)
			ProcessInitializeOnLoadMethodAttributes (205ms)
			AfterProcessingInitializeOnLoad (5ms)
			EditorAssembliesLoaded (0ms)
		ExecutionOrderSort2 (0ms)
		AwakeInstancesAfterBackupRestoration (6ms)
Launched and connected shader compiler UnityShaderCompiler.exe after 0.01 seconds
Refreshing native plugins compatible for Editor in 3.78 ms, found 4 plugins.
Preloading 0 native plugins for Editor in 0.00 ms.
Unloading 15 Unused Serialized files (Serialized files now loaded: 0)
Unloading 4968 unused Assets / (1.3 MB). Loaded Objects now: 5547.
Memory consumption went from 119.6 MB to 118.2 MB.
Total: 7.356500 ms (FindLiveObjects: 0.599300 ms CreateObjectMapping: 0.249600 ms MarkObjects: 5.284500 ms  DeleteObjects: 1.221900 ms)

========================================================================
Received Import Request.
  Time since last request: 9930.127609 seconds.
  path: Assets/Graphics/Free Platform Game Assets/Platform Game Assets/Background/png/1920x1080/All/Hills_2.png
  artifactKey: Guid(b92a16bf920a3ec458b665f1cebde703) Importer(815301076,1909f56bfc062723c751e8b465ee728b)
Start importing Assets/Graphics/Free Platform Game Assets/Platform Game Assets/Background/png/1920x1080/All/Hills_2.png using Guid(b92a16bf920a3ec458b665f1cebde703) Importer(815301076,1909f56bfc062723c751e8b465ee728b) (PreviewImporter)[PhysX] Initialized MultithreadedTaskDispatcher with 6 workers.
[PhysX] Initialized MultithreadedTaskDispatcher with 6 workers.
 -> (artifact id: 'a23d69865403832a4dcce9824fd0cde6') in 0.1233495 seconds
Number of updated asset objects reloaded before import = 0Number of asset objects unloaded after import = 3

========================================================================
Received Import Request.
  Time since last request: 11.516747 seconds.
  path: Assets/Graphics/Free Platform Game Assets/Platform Game Assets/Environment/png/All/4x/Asset 3.png
  artifactKey: Guid(cd2c697dc2302d64b94ca01974fde7df) Importer(815301076,1909f56bfc062723c751e8b465ee728b)
Start importing Assets/Graphics/Free Platform Game Assets/Platform Game Assets/Environment/png/All/4x/Asset 3.png using Guid(cd2c697dc2302d64b94ca01974fde7df) Importer(815301076,1909f56bfc062723c751e8b465ee728b) (PreviewImporter)[PhysX] Initialized MultithreadedTaskDispatcher with 6 workers.
[PhysX] Initialized MultithreadedTaskDispatcher with 6 workers.
 -> (artifact id: '7e249253df1f80ea8bef4ccdde744562') in 0.0148188 seconds
Number of updated asset objects reloaded before import = 0Number of asset objects unloaded after import = 3

========================================================================
Received Import Request.
  Time since last request: 0.000021 seconds.
  path: Assets/Graphics/Free Platform Game Assets/Platform Game Assets/Environment/png/All/4x/Asset 7.png
  artifactKey: Guid(64871f703feca0349937a005c2563e2f) Importer(815301076,1909f56bfc062723c751e8b465ee728b)
Start importing Assets/Graphics/Free Platform Game Assets/Platform Game Assets/Environment/png/All/4x/Asset 7.png using Guid(64871f703feca0349937a005c2563e2f) Importer(815301076,1909f56bfc062723c751e8b465ee728b) (PreviewImporter)[PhysX] Initialized MultithreadedTaskDispatcher with 6 workers.
[PhysX] Initialized MultithreadedTaskDispatcher with 6 workers.
 -> (artifact id: '83fdf93233bbebfd756169f391121ad9') in 0.0368176 seconds
Number of updated asset objects reloaded before import = 0Number of asset objects unloaded after import = 9

========================================================================
Received Import Request.
  Time since last request: 0.000016 seconds.
  path: Assets/Graphics/Free Platform Game Assets/Platform Game Assets/Environment/png/All/4x/Asset 12.png
  artifactKey: Guid(6009df258ccf4894f84eee5e50b8a2de) Importer(815301076,1909f56bfc062723c751e8b465ee728b)
Start importing Assets/Graphics/Free Platform Game Assets/Platform Game Assets/Environment/png/All/4x/Asset 12.png using Guid(6009df258ccf4894f84eee5e50b8a2de) Importer(815301076,1909f56bfc062723c751e8b465ee728b) (PreviewImporter)[PhysX] Initialized MultithreadedTaskDispatcher with 6 workers.
[PhysX] Initialized MultithreadedTaskDispatcher with 6 workers.
 -> (artifact id: '6ff673d21716cd12f71f08508d6a709d') in 0.026399 seconds
Number of updated asset objects reloaded before import = 0Number of asset objects unloaded after import = 6

========================================================================
Received Import Request.
  Time since last request: 0.000021 seconds.
  path: Assets/Graphics/Free Platform Game Assets/Platform Game Assets/Environment/png/All/4x/Asset 13.png
  artifactKey: Guid(fc32ad5ef3ae22d4fb97fdb24a3ebaaa) Importer(815301076,1909f56bfc062723c751e8b465ee728b)
Start importing Assets/Graphics/Free Platform Game Assets/Platform Game Assets/Environment/png/All/4x/Asset 13.png using Guid(fc32ad5ef3ae22d4fb97fdb24a3ebaaa) Importer(815301076,1909f56bfc062723c751e8b465ee728b) (PreviewImporter)[PhysX] Initialized MultithreadedTaskDispatcher with 6 workers.
[PhysX] Initialized MultithreadedTaskDispatcher with 6 workers.
 -> (artifact id: 'd840eb7fde032f09bc931fd0838b1552') in 0.035156 seconds
Number of updated asset objects reloaded before import = 0Number of asset objects unloaded after import = 9

========================================================================
Received Import Request.
  Time since last request: 284.047326 seconds.
  path: Assets/Graphics/Free Platform Game Assets/Update 1.8.5/New Chests/png/Separate/Model-2/2x/model-2-2-2x.png
  artifactKey: Guid(60ec6a7863c452540abd410847453188) Importer(815301076,1909f56bfc062723c751e8b465ee728b)
Start importing Assets/Graphics/Free Platform Game Assets/Update 1.8.5/New Chests/png/Separate/Model-2/2x/model-2-2-2x.png using Guid(60ec6a7863c452540abd410847453188) Importer(815301076,1909f56bfc062723c751e8b465ee728b) (PreviewImporter)[PhysX] Initialized MultithreadedTaskDispatcher with 6 workers.
[PhysX] Initialized MultithreadedTaskDispatcher with 6 workers.
 -> (artifact id: '8f00c53340bf4c31c75f4cc4808c964f') in 0.021585 seconds
Number of updated asset objects reloaded before import = 0Number of asset objects unloaded after import = 3

========================================================================
Received Import Request.
  Time since last request: 0.000016 seconds.
  path: Assets/Graphics/Free Platform Game Assets/Update 1.8.5/New Chests/png/Separate/Model-2/2x/model-2-6-2x.png
  artifactKey: Guid(efb72d8d0d2ea064898ed4c2a07568a6) Importer(815301076,1909f56bfc062723c751e8b465ee728b)
Start importing Assets/Graphics/Free Platform Game Assets/Update 1.8.5/New Chests/png/Separate/Model-2/2x/model-2-6-2x.png using Guid(efb72d8d0d2ea064898ed4c2a07568a6) Importer(815301076,1909f56bfc062723c751e8b465ee728b) (PreviewImporter)[PhysX] Initialized MultithreadedTaskDispatcher with 6 workers.
[PhysX] Initialized MultithreadedTaskDispatcher with 6 workers.
 -> (artifact id: '003d02a2f8436bde89d27ef3ffa5fadb') in 0.0155649 seconds
Number of updated asset objects reloaded before import = 0Number of asset objects unloaded after import = 3

========================================================================
Received Import Request.
  Time since last request: 0.000026 seconds.
  path: Assets/Graphics/Free Platform Game Assets/Update 1.8.5/New Chests/png/Separate/Model-2/2x/model-2-4-2x.png
  artifactKey: Guid(e9656a229ae680d42be9057adf9367d2) Importer(815301076,1909f56bfc062723c751e8b465ee728b)
Start importing Assets/Graphics/Free Platform Game Assets/Update 1.8.5/New Chests/png/Separate/Model-2/2x/model-2-4-2x.png using Guid(e9656a229ae680d42be9057adf9367d2) Importer(815301076,1909f56bfc062723c751e8b465ee728b) (PreviewImporter)[PhysX] Initialized MultithreadedTaskDispatcher with 6 workers.
[PhysX] Initialized MultithreadedTaskDispatcher with 6 workers.
 -> (artifact id: '66c3f6ffbd65fd4b096c0f11c82cddcc') in 0.0163919 seconds
Number of updated asset objects reloaded before import = 0Number of asset objects unloaded after import = 3

========================================================================
Received Import Request.
  Time since last request: 0.000018 seconds.
  path: Assets/Graphics/Free Platform Game Assets/Update 1.8.5/New Chests/png/Separate/Model-2/2x/model-2-3-2x.png
  artifactKey: Guid(ab2142bf75064f346bc66ffaeb1f1f05) Importer(815301076,1909f56bfc062723c751e8b465ee728b)
Start importing Assets/Graphics/Free Platform Game Assets/Update 1.8.5/New Chests/png/Separate/Model-2/2x/model-2-3-2x.png using Guid(ab2142bf75064f346bc66ffaeb1f1f05) Importer(815301076,1909f56bfc062723c751e8b465ee728b) (PreviewImporter)[PhysX] Initialized MultithreadedTaskDispatcher with 6 workers.
[PhysX] Initialized MultithreadedTaskDispatcher with 6 workers.
 -> (artifact id: '80c627a6f4561b0ce141b311d02b950e') in 0.0173539 seconds
Number of updated asset objects reloaded before import = 0Number of asset objects unloaded after import = 3

========================================================================
Received Import Request.
  Time since last request: 0.000023 seconds.
  path: Assets/Graphics/Free Platform Game Assets/Update 1.8.5/New Chests/png/Separate/Model-2/2x/model-2-7-2x.png
  artifactKey: Guid(ff70b53a1023b9443acfcf5c69316abe) Importer(815301076,1909f56bfc062723c751e8b465ee728b)
Start importing Assets/Graphics/Free Platform Game Assets/Update 1.8.5/New Chests/png/Separate/Model-2/2x/model-2-7-2x.png using Guid(ff70b53a1023b9443acfcf5c69316abe) Importer(815301076,1909f56bfc062723c751e8b465ee728b) (PreviewImporter)[PhysX] Initialized MultithreadedTaskDispatcher with 6 workers.
[PhysX] Initialized MultithreadedTaskDispatcher with 6 workers.
 -> (artifact id: '03685f2fc0e03da9da21898482e2e536') in 0.0160503 seconds
Number of updated asset objects reloaded before import = 0Number of asset objects unloaded after import = 3

========================================================================
Received Import Request.
  Time since last request: 9.242333 seconds.
  path: Assets/Graphics/Free Platform Game Assets/Update 1.7/New Background/png/2048x1536/All/Hills_2.png
  artifactKey: Guid(57f3b7fe6694a0e4ea6b795a45ecadd8) Importer(815301076,1909f56bfc062723c751e8b465ee728b)
Start importing Assets/Graphics/Free Platform Game Assets/Update 1.7/New Background/png/2048x1536/All/Hills_2.png using Guid(57f3b7fe6694a0e4ea6b795a45ecadd8) Importer(815301076,1909f56bfc062723c751e8b465ee728b) (PreviewImporter)[PhysX] Initialized MultithreadedTaskDispatcher with 6 workers.
[PhysX] Initialized MultithreadedTaskDispatcher with 6 workers.
 -> (artifact id: 'd6cfd0477610831b07973ff0533cdef2') in 0.025565 seconds
Number of updated asset objects reloaded before import = 0Number of asset objects unloaded after import = 3

Editor requested this worker to shutdown with reason: Scaling down because of idle timeout
AssetImportWorker is now disconnected from the server
Process exiting
Exiting without the bug reporter. Application will terminate with return code 0